/data/happythgus/newLDA/DC
/data/opt/anaconda3/envs/pytorch1.12.1_p38/bin/python
moana-r3
main.py:95: DeprecationWarning: an integer is required (got type numpy.float64).  Implicit conversion to integers using __int__ is deprecated, and may be removed in a future version of Python.
  label_syn = torch.tensor([np.ones(args.ipc)*i for i in range(num_classes)], dtype=torch.long, requires_grad=False, device=args.device).view(-1) # [0,0,0, 1,1,1, ..., 9,9,9]
main.py:95: UserWarning: Creating a tensor from a list of numpy.ndarrays is extremely slow. Please consider converting the list to a single numpy.ndarray with numpy.array() before converting to a tensor. (Triggered internally at  /opt/conda/conda-bld/pytorch_1659484810403/work/torch/csrc/utils/tensor_new.cpp:201.)
  label_syn = torch.tensor([np.ones(args.ipc)*i for i in range(num_classes)], dtype=torch.long, requires_grad=False, device=args.device).view(-1) # [0,0,0, 1,1,1, ..., 9,9,9]
eval_it_pool:  [0, 500, 1000]
Files already downloaded and verified
Files already downloaded and verified

================== Exp 0 ==================
 
Hyper-parameters: 
 {'method': 'DC', 'dataset': 'CIFAR10', 'model': 'ConvNet', 'ipc': 10, 'eval_mode': 'S', 'num_exp': 1, 'num_eval': 20, 'epoch_eval_train': 300, 'Iteration': 1000, 'lr_img': 0.1, 'lr_net': 0.01, 'batch_real': 256, 'batch_train': 256, 'init': 'noise', 'dsa_strategy': 'None', 'data_path': 'data', 'save_path': 'result', 'dis_metric': 'ours', 'outer_loop': 10, 'inner_loop': 50, 'device': 'cuda', 'dsa_param': <utils.ParamDiffAug object at 0x7fae15725cd0>, 'dsa': False}
Evaluation model pool:  ['ConvNet']
class c = 0: 5000 real images
class c = 1: 5000 real images
class c = 2: 5000 real images
class c = 3: 5000 real images
class c = 4: 5000 real images
class c = 5: 5000 real images
class c = 6: 5000 real images
class c = 7: 5000 real images
class c = 8: 5000 real images
class c = 9: 5000 real images
real images channel 0, mean = -0.0000, std = 1.2211
real images channel 1, mean = -0.0002, std = 1.2211
real images channel 2, mean = 0.0002, std = 1.3014
initialize synthetic data from random noise
[2023-10-27 23:23:31] training begins
-------------------------
Evaluation
model_train = ConvNet, model_eval = ConvNet, iteration = 0
DC augmentation parameters: 
 {'crop': 4, 'scale': 0.2, 'rotate': 45, 'noise': 0.001, 'strategy': 'none'}
[2023-10-27 23:23:39] Evaluate_00: epoch = 0300 train time = 5 s train loss = 0.003741 train acc = 1.0000, test acc = 0.1155
[2023-10-27 23:23:43] Evaluate_01: epoch = 0300 train time = 2 s train loss = 0.003678 train acc = 1.0000, test acc = 0.1111
[2023-10-27 23:23:48] Evaluate_02: epoch = 0300 train time = 2 s train loss = 0.003700 train acc = 1.0000, test acc = 0.1172
[2023-10-27 23:23:52] Evaluate_03: epoch = 0300 train time = 2 s train loss = 0.003680 train acc = 1.0000, test acc = 0.1089
[2023-10-27 23:23:57] Evaluate_04: epoch = 0300 train time = 2 s train loss = 0.003732 train acc = 1.0000, test acc = 0.1215
[2023-10-27 23:24:01] Evaluate_05: epoch = 0300 train time = 2 s train loss = 0.003759 train acc = 1.0000, test acc = 0.1070
[2023-10-27 23:24:06] Evaluate_06: epoch = 0300 train time = 2 s train loss = 0.003705 train acc = 1.0000, test acc = 0.0985
[2023-10-27 23:24:10] Evaluate_07: epoch = 0300 train time = 2 s train loss = 0.003720 train acc = 1.0000, test acc = 0.1108
[2023-10-27 23:24:14] Evaluate_08: epoch = 0300 train time = 2 s train loss = 0.003747 train acc = 1.0000, test acc = 0.1343
[2023-10-27 23:24:19] Evaluate_09: epoch = 0300 train time = 2 s train loss = 0.003577 train acc = 1.0000, test acc = 0.1155
[2023-10-27 23:24:23] Evaluate_10: epoch = 0300 train time = 2 s train loss = 0.003765 train acc = 1.0000, test acc = 0.1108
[2023-10-27 23:24:28] Evaluate_11: epoch = 0300 train time = 2 s train loss = 0.003749 train acc = 1.0000, test acc = 0.1045
[2023-10-27 23:24:32] Evaluate_12: epoch = 0300 train time = 2 s train loss = 0.003686 train acc = 1.0000, test acc = 0.0928
[2023-10-27 23:24:37] Evaluate_13: epoch = 0300 train time = 2 s train loss = 0.003818 train acc = 1.0000, test acc = 0.1052
[2023-10-27 23:24:41] Evaluate_14: epoch = 0300 train time = 2 s train loss = 0.003567 train acc = 1.0000, test acc = 0.1253
[2023-10-27 23:24:46] Evaluate_15: epoch = 0300 train time = 2 s train loss = 0.003590 train acc = 1.0000, test acc = 0.1036
[2023-10-27 23:24:50] Evaluate_16: epoch = 0300 train time = 2 s train loss = 0.003618 train acc = 1.0000, test acc = 0.1057
[2023-10-27 23:24:55] Evaluate_17: epoch = 0300 train time = 2 s train loss = 0.003643 train acc = 1.0000, test acc = 0.1068
[2023-10-27 23:24:59] Evaluate_18: epoch = 0300 train time = 2 s train loss = 0.003714 train acc = 1.0000, test acc = 0.1069
[2023-10-27 23:25:04] Evaluate_19: epoch = 0300 train time = 2 s train loss = 0.003712 train acc = 1.0000, test acc = 0.1065
Evaluate 20 random ConvNet, mean = 0.1104 std = 0.0091
-------------------------
[]
Traceback (most recent call last):
  File "main.py", line 264, in <module>
    main()
  File "main.py", line 226, in main
    lda_loss = LDALoss(lda_X, lda_Y)
  File "/data/happythgus/newLDA/DC/utils.py", line 54, in LDALoss
    class_mean = torch.mean(class_samples.to('cuda')).to('cuda').item()
AttributeError: 'list' object has no attribute 'to'
