/data/happythgus/LDA/DC
/data/opt/anaconda3/bin/python
moana-r3
/data/happythgus/LDA/DC/main.py:90: DeprecationWarning: an integer is required (got type numpy.float64).  Implicit conversion to integers using __int__ is deprecated, and may be removed in a future version of Python.
  label_syn = torch.tensor([np.ones(args.ipc)*i for i in range(num_classes)], dtype=torch.long, requires_grad=False, device=args.device).view(-1) # [0,0,0, 1,1,1, ..., 9,9,9]
/data/happythgus/LDA/DC/main.py:90: UserWarning: Creating a tensor from a list of numpy.ndarrays is extremely slow. Please consider converting the list to a single numpy.ndarray with numpy.array() before converting to a tensor. (Triggered internally at ../torch/csrc/utils/tensor_new.cpp:245.)
  label_syn = torch.tensor([np.ones(args.ipc)*i for i in range(num_classes)], dtype=torch.long, requires_grad=False, device=args.device).view(-1) # [0,0,0, 1,1,1, ..., 9,9,9]
eval_it_pool:  [0, 500, 1000]

================== Exp 0 ==================
 
Hyper-parameters: 
 {'method': 'DC', 'dataset': 'MNIST', 'model': 'ConvNet', 'ipc': 1, 'eval_mode': 'S', 'num_exp': 5, 'num_eval': 20, 'epoch_eval_train': 300, 'Iteration': 1000, 'lr_img': 0.1, 'lr_net': 0.01, 'batch_real': 256, 'batch_train': 256, 'init': 'noise', 'dsa_strategy': 'None', 'data_path': 'data', 'save_path': 'result', 'dis_metric': 'ours', 'outer_loop': 1, 'inner_loop': 1, 'device': 'cuda', 'dsa_param': <utils.ParamDiffAug object at 0x7f1df619eee0>, 'dsa': False}
Evaluation model pool:  ['ConvNet']
class c = 0: 5923 real images
class c = 1: 6742 real images
class c = 2: 5958 real images
class c = 3: 6131 real images
class c = 4: 5842 real images
class c = 5: 5421 real images
class c = 6: 5918 real images
class c = 7: 6265 real images
class c = 8: 5851 real images
class c = 9: 5949 real images
real images channel 0, mean = -0.0001, std = 1.0000
initialize synthetic data from random noise
[2023-10-16 01:00:25] training begins
-------------------------
Evaluation
model_train = ConvNet, model_eval = ConvNet, iteration = 0
DC augmentation parameters: 
 {'crop': 4, 'scale': 0.2, 'rotate': 45, 'noise': 0.001, 'strategy': 'crop_scale_rotate'}
batchnorm
[2023-10-16 01:00:32] Evaluate_00: epoch = 1000 train time = 5 s train loss = 0.001062 train acc = 1.0000, test acc = 0.1322
batchnorm
[2023-10-16 01:00:38] Evaluate_01: epoch = 1000 train time = 4 s train loss = 0.000277 train acc = 1.0000, test acc = 0.1552
batchnorm
[2023-10-16 01:00:44] Evaluate_02: epoch = 1000 train time = 4 s train loss = 0.002627 train acc = 1.0000, test acc = 0.1175
batchnorm
[2023-10-16 01:00:50] Evaluate_03: epoch = 1000 train time = 4 s train loss = 0.001249 train acc = 1.0000, test acc = 0.0904
batchnorm
[2023-10-16 01:00:56] Evaluate_04: epoch = 1000 train time = 4 s train loss = 0.001575 train acc = 1.0000, test acc = 0.1267
batchnorm
[2023-10-16 01:01:02] Evaluate_05: epoch = 1000 train time = 4 s train loss = 0.000507 train acc = 1.0000, test acc = 0.1359
batchnorm
[2023-10-16 01:01:08] Evaluate_06: epoch = 1000 train time = 4 s train loss = 0.000376 train acc = 1.0000, test acc = 0.1437
batchnorm
[2023-10-16 01:01:14] Evaluate_07: epoch = 1000 train time = 4 s train loss = 0.000872 train acc = 1.0000, test acc = 0.1466
batchnorm
[2023-10-16 01:01:20] Evaluate_08: epoch = 1000 train time = 4 s train loss = 0.011034 train acc = 1.0000, test acc = 0.1589
batchnorm
[2023-10-16 01:01:26] Evaluate_09: epoch = 1000 train time = 4 s train loss = 0.000399 train acc = 1.0000, test acc = 0.0999
batchnorm
[2023-10-16 01:01:32] Evaluate_10: epoch = 1000 train time = 4 s train loss = 0.000381 train acc = 1.0000, test acc = 0.1345
batchnorm
[2023-10-16 01:01:38] Evaluate_11: epoch = 1000 train time = 4 s train loss = 0.001108 train acc = 1.0000, test acc = 0.0996
batchnorm
[2023-10-16 01:01:44] Evaluate_12: epoch = 1000 train time = 4 s train loss = 0.002310 train acc = 1.0000, test acc = 0.1365
batchnorm
[2023-10-16 01:01:50] Evaluate_13: epoch = 1000 train time = 4 s train loss = 0.000418 train acc = 1.0000, test acc = 0.1172
batchnorm
[2023-10-16 01:01:56] Evaluate_14: epoch = 1000 train time = 4 s train loss = 0.000383 train acc = 1.0000, test acc = 0.1447
batchnorm
[2023-10-16 01:02:02] Evaluate_15: epoch = 1000 train time = 4 s train loss = 0.000811 train acc = 1.0000, test acc = 0.1008
batchnorm
[2023-10-16 01:02:08] Evaluate_16: epoch = 1000 train time = 4 s train loss = 0.000591 train acc = 1.0000, test acc = 0.1146
batchnorm
[2023-10-16 01:02:14] Evaluate_17: epoch = 1000 train time = 4 s train loss = 0.000449 train acc = 1.0000, test acc = 0.1164
batchnorm
[2023-10-16 01:02:20] Evaluate_18: epoch = 1000 train time = 4 s train loss = 0.001035 train acc = 1.0000, test acc = 0.1335
batchnorm
[2023-10-16 01:02:26] Evaluate_19: epoch = 1000 train time = 4 s train loss = 0.000441 train acc = 1.0000, test acc = 0.1090
Evaluate 20 random ConvNet, mean = 0.1257 std = 0.0192
-------------------------
batchnorm
tensor([[0., 0., 0., 0., 0., 0., 0., 0., 0., 0.]], device='cuda:0',
       grad_fn=<DivBackward0>)
1
tensor([[0., 0., 0., 0., 0., 0., 0., 0., 0., 0.]], device='cuda:0',
       grad_fn=<DivBackward0>)
Traceback (most recent call last):
  File "/data/happythgus/LDA/DC/main.py", line 296, in <module>
    main()
  File "/data/happythgus/LDA/DC/main.py", line 258, in main
    print(len(loss))
  File "/home/happythgus/.local/lib/python3.9/site-packages/torch/_tensor.py", line 908, in __len__
    raise TypeError("len() of a 0-d tensor")
TypeError: len() of a 0-d tensor
