/data/happythgus/LDA/DC
/data/opt/anaconda3/bin/python
moana-r3
/data/happythgus/LDA/DC/main.py:90: DeprecationWarning: an integer is required (got type numpy.float64).  Implicit conversion to integers using __int__ is deprecated, and may be removed in a future version of Python.
  label_syn = torch.tensor([np.ones(args.ipc)*i for i in range(num_classes)], dtype=torch.long, requires_grad=False, device=args.device).view(-1) # [0,0,0, 1,1,1, ..., 9,9,9]
/data/happythgus/LDA/DC/main.py:90: UserWarning: Creating a tensor from a list of numpy.ndarrays is extremely slow. Please consider converting the list to a single numpy.ndarray with numpy.array() before converting to a tensor. (Triggered internally at ../torch/csrc/utils/tensor_new.cpp:245.)
  label_syn = torch.tensor([np.ones(args.ipc)*i for i in range(num_classes)], dtype=torch.long, requires_grad=False, device=args.device).view(-1) # [0,0,0, 1,1,1, ..., 9,9,9]
eval_it_pool:  [0, 500, 1000]

================== Exp 0 ==================
 
Hyper-parameters: 
 {'method': 'DC', 'dataset': 'MNIST', 'model': 'ConvNet', 'ipc': 1, 'eval_mode': 'S', 'num_exp': 5, 'num_eval': 20, 'epoch_eval_train': 300, 'Iteration': 1000, 'lr_img': 0.1, 'lr_net': 0.01, 'batch_real': 256, 'batch_train': 256, 'init': 'noise', 'dsa_strategy': 'None', 'data_path': 'data', 'save_path': 'result', 'dis_metric': 'ours', 'outer_loop': 1, 'inner_loop': 1, 'device': 'cuda', 'dsa_param': <utils.ParamDiffAug object at 0x7fd159c15dc0>, 'dsa': False}
Evaluation model pool:  ['ConvNet']
class c = 0: 5923 real images
class c = 1: 6742 real images
class c = 2: 5958 real images
class c = 3: 6131 real images
class c = 4: 5842 real images
class c = 5: 5421 real images
class c = 6: 5918 real images
class c = 7: 6265 real images
class c = 8: 5851 real images
class c = 9: 5949 real images
real images channel 0, mean = -0.0001, std = 1.0000
initialize synthetic data from random noise
[2023-10-16 00:34:21] training begins
-------------------------
Evaluation
model_train = ConvNet, model_eval = ConvNet, iteration = 0
DC augmentation parameters: 
 {'crop': 4, 'scale': 0.2, 'rotate': 45, 'noise': 0.001, 'strategy': 'crop_scale_rotate'}
batchnorm
[2023-10-16 00:34:28] Evaluate_00: epoch = 1000 train time = 5 s train loss = 0.000220 train acc = 1.0000, test acc = 0.1148
batchnorm
[2023-10-16 00:34:34] Evaluate_01: epoch = 1000 train time = 4 s train loss = 0.002384 train acc = 1.0000, test acc = 0.1092
batchnorm
[2023-10-16 00:34:40] Evaluate_02: epoch = 1000 train time = 4 s train loss = 0.001047 train acc = 1.0000, test acc = 0.0988
batchnorm
[2023-10-16 00:34:46] Evaluate_03: epoch = 1000 train time = 4 s train loss = 0.001144 train acc = 1.0000, test acc = 0.1229
batchnorm
[2023-10-16 00:34:52] Evaluate_04: epoch = 1000 train time = 4 s train loss = 0.001388 train acc = 1.0000, test acc = 0.1092
batchnorm
[2023-10-16 00:34:58] Evaluate_05: epoch = 1000 train time = 4 s train loss = 0.003505 train acc = 1.0000, test acc = 0.0988
batchnorm
[2023-10-16 00:35:04] Evaluate_06: epoch = 1000 train time = 4 s train loss = 0.000491 train acc = 1.0000, test acc = 0.1132
batchnorm
[2023-10-16 00:35:10] Evaluate_07: epoch = 1000 train time = 4 s train loss = 0.001322 train acc = 1.0000, test acc = 0.1144
batchnorm
[2023-10-16 00:35:16] Evaluate_08: epoch = 1000 train time = 4 s train loss = 0.002700 train acc = 1.0000, test acc = 0.1177
batchnorm
[2023-10-16 00:35:22] Evaluate_09: epoch = 1000 train time = 4 s train loss = 0.000236 train acc = 1.0000, test acc = 0.1271
batchnorm
[2023-10-16 00:35:28] Evaluate_10: epoch = 1000 train time = 4 s train loss = 0.000844 train acc = 1.0000, test acc = 0.0855
batchnorm
[2023-10-16 00:35:34] Evaluate_11: epoch = 1000 train time = 4 s train loss = 0.001338 train acc = 1.0000, test acc = 0.1237
batchnorm
[2023-10-16 00:35:40] Evaluate_12: epoch = 1000 train time = 4 s train loss = 0.001054 train acc = 1.0000, test acc = 0.1114
batchnorm
[2023-10-16 00:35:47] Evaluate_13: epoch = 1000 train time = 4 s train loss = 0.000646 train acc = 1.0000, test acc = 0.1104
batchnorm
[2023-10-16 00:35:53] Evaluate_14: epoch = 1000 train time = 4 s train loss = 0.001186 train acc = 1.0000, test acc = 0.0991
batchnorm
[2023-10-16 00:35:59] Evaluate_15: epoch = 1000 train time = 4 s train loss = 0.000231 train acc = 1.0000, test acc = 0.1195
batchnorm
[2023-10-16 00:36:05] Evaluate_16: epoch = 1000 train time = 4 s train loss = 0.000373 train acc = 1.0000, test acc = 0.1252
batchnorm
[2023-10-16 00:36:11] Evaluate_17: epoch = 1000 train time = 4 s train loss = 0.002780 train acc = 1.0000, test acc = 0.0995
batchnorm
[2023-10-16 00:36:17] Evaluate_18: epoch = 1000 train time = 4 s train loss = 0.000612 train acc = 1.0000, test acc = 0.1104
batchnorm
[2023-10-16 00:36:23] Evaluate_19: epoch = 1000 train time = 4 s train loss = 0.000815 train acc = 1.0000, test acc = 0.1057
Evaluate 20 random ConvNet, mean = 0.1108 std = 0.0104
-------------------------
batchnorm
Traceback (most recent call last):
  File "/data/happythgus/LDA/DC/main.py", line 291, in <module>
    main()
  File "/data/happythgus/LDA/DC/main.py", line 250, in main
    lda_loss = LDALoss(lda_X, lda_Y).cuda()
  File "/data/happythgus/LDA/DC/utils.py", line 41, in LDALoss
    withinClassVar += torch.sum(diff * diff, dim=0).cuda()
RuntimeError: Expected all tensors to be on the same device, but found at least two devices, cuda:0 and cpu!
