/data/happythgus/LDA/DC
/data/opt/anaconda3/bin/python
moana-r3
/data/happythgus/LDA/DC/main.py:90: DeprecationWarning: an integer is required (got type numpy.float64).  Implicit conversion to integers using __int__ is deprecated, and may be removed in a future version of Python.
  label_syn = torch.tensor([np.ones(args.ipc)*i for i in range(num_classes)], dtype=torch.long, requires_grad=False, device=args.device).view(-1) # [0,0,0, 1,1,1, ..., 9,9,9]
/data/happythgus/LDA/DC/main.py:90: UserWarning: Creating a tensor from a list of numpy.ndarrays is extremely slow. Please consider converting the list to a single numpy.ndarray with numpy.array() before converting to a tensor. (Triggered internally at ../torch/csrc/utils/tensor_new.cpp:245.)
  label_syn = torch.tensor([np.ones(args.ipc)*i for i in range(num_classes)], dtype=torch.long, requires_grad=False, device=args.device).view(-1) # [0,0,0, 1,1,1, ..., 9,9,9]
eval_it_pool:  [0, 500, 1000]
Files already downloaded and verified
Files already downloaded and verified

================== Exp 0 ==================
 
Hyper-parameters: 
 {'method': 'DC', 'dataset': 'CIFAR10', 'model': 'ConvNet', 'ipc': 1, 'eval_mode': 'S', 'num_exp': 5, 'num_eval': 20, 'epoch_eval_train': 300, 'Iteration': 1000, 'lr_img': 0.1, 'lr_net': 0.01, 'batch_real': 256, 'batch_train': 256, 'init': 'noise', 'dsa_strategy': 'None', 'data_path': 'data', 'save_path': 'result', 'dis_metric': 'ours', 'outer_loop': 1, 'inner_loop': 1, 'device': 'cuda', 'dsa_param': <utils.ParamDiffAug object at 0x7fa251feac70>, 'dsa': False}
Evaluation model pool:  ['ConvNet']
class c = 0: 5000 real images
class c = 1: 5000 real images
class c = 2: 5000 real images
class c = 3: 5000 real images
class c = 4: 5000 real images
class c = 5: 5000 real images
class c = 6: 5000 real images
class c = 7: 5000 real images
class c = 8: 5000 real images
class c = 9: 5000 real images
real images channel 0, mean = -0.0000, std = 1.2211
real images channel 1, mean = -0.0002, std = 1.2211
real images channel 2, mean = 0.0002, std = 1.3014
initialize synthetic data from random noise
[2023-10-17 00:34:21] training begins
-------------------------
Evaluation
model_train = ConvNet, model_eval = ConvNet, iteration = 0
DC augmentation parameters: 
 {'crop': 4, 'scale': 0.2, 'rotate': 45, 'noise': 0.001, 'strategy': 'none'}
[2023-10-17 00:34:25] Evaluate_00: epoch = 0300 train time = 2 s train loss = 0.000399 train acc = 1.0000, test acc = 0.1221
[2023-10-17 00:34:28] Evaluate_01: epoch = 0300 train time = 0 s train loss = 0.000404 train acc = 1.0000, test acc = 0.1044
[2023-10-17 00:34:30] Evaluate_02: epoch = 0300 train time = 0 s train loss = 0.000395 train acc = 1.0000, test acc = 0.1363
[2023-10-17 00:34:33] Evaluate_03: epoch = 0300 train time = 0 s train loss = 0.000414 train acc = 1.0000, test acc = 0.1098
[2023-10-17 00:34:35] Evaluate_04: epoch = 0300 train time = 0 s train loss = 0.000402 train acc = 1.0000, test acc = 0.1259
[2023-10-17 00:34:38] Evaluate_05: epoch = 0300 train time = 0 s train loss = 0.000442 train acc = 1.0000, test acc = 0.1200
[2023-10-17 00:34:40] Evaluate_06: epoch = 0300 train time = 0 s train loss = 0.000431 train acc = 1.0000, test acc = 0.1281
[2023-10-17 00:34:43] Evaluate_07: epoch = 0300 train time = 0 s train loss = 0.000417 train acc = 1.0000, test acc = 0.1196
[2023-10-17 00:34:46] Evaluate_08: epoch = 0300 train time = 0 s train loss = 0.000400 train acc = 1.0000, test acc = 0.1148
[2023-10-17 00:34:48] Evaluate_09: epoch = 0300 train time = 0 s train loss = 0.000421 train acc = 1.0000, test acc = 0.1174
[2023-10-17 00:34:51] Evaluate_10: epoch = 0300 train time = 0 s train loss = 0.000388 train acc = 1.0000, test acc = 0.1392
[2023-10-17 00:34:53] Evaluate_11: epoch = 0300 train time = 0 s train loss = 0.000400 train acc = 1.0000, test acc = 0.1183
[2023-10-17 00:34:56] Evaluate_12: epoch = 0300 train time = 0 s train loss = 0.000396 train acc = 1.0000, test acc = 0.1061
[2023-10-17 00:34:58] Evaluate_13: epoch = 0300 train time = 0 s train loss = 0.000395 train acc = 1.0000, test acc = 0.1140
[2023-10-17 00:35:01] Evaluate_14: epoch = 0300 train time = 0 s train loss = 0.000425 train acc = 1.0000, test acc = 0.1121
[2023-10-17 00:35:04] Evaluate_15: epoch = 0300 train time = 0 s train loss = 0.000396 train acc = 1.0000, test acc = 0.1145
[2023-10-17 00:35:06] Evaluate_16: epoch = 0300 train time = 0 s train loss = 0.000426 train acc = 1.0000, test acc = 0.1063
[2023-10-17 00:35:09] Evaluate_17: epoch = 0300 train time = 0 s train loss = 0.000415 train acc = 1.0000, test acc = 0.1285
[2023-10-17 00:35:11] Evaluate_18: epoch = 0300 train time = 0 s train loss = 0.000415 train acc = 1.0000, test acc = 0.1229
[2023-10-17 00:35:14] Evaluate_19: epoch = 0300 train time = 0 s train loss = 0.000426 train acc = 1.0000, test acc = 0.1202
Evaluate 20 random ConvNet, mean = 0.1190 std = 0.0092
-------------------------
0.001186344656161964
Traceback (most recent call last):
  File "/data/happythgus/LDA/DC/main.py", line 263, in <module>
    main()
  File "/data/happythgus/LDA/DC/main.py", line 221, in main
    lda_loss = LDALoss(lda_X, lda_Y).cuda()
  File "/data/happythgus/LDA/DC/utils.py", line 26, in LDALoss
    print(overall_mean.shape)
AttributeError: 'float' object has no attribute 'shape'
