/data/happythgus/LDA/DC
/data/opt/anaconda3/bin/python
moana-r3
/data/happythgus/LDA/DC/main.py:90: DeprecationWarning: an integer is required (got type numpy.float64).  Implicit conversion to integers using __int__ is deprecated, and may be removed in a future version of Python.
  label_syn = torch.tensor([np.ones(args.ipc)*i for i in range(num_classes)], dtype=torch.long, requires_grad=False, device=args.device).view(-1) # [0,0,0, 1,1,1, ..., 9,9,9]
/data/happythgus/LDA/DC/main.py:90: UserWarning: Creating a tensor from a list of numpy.ndarrays is extremely slow. Please consider converting the list to a single numpy.ndarray with numpy.array() before converting to a tensor. (Triggered internally at ../torch/csrc/utils/tensor_new.cpp:245.)
  label_syn = torch.tensor([np.ones(args.ipc)*i for i in range(num_classes)], dtype=torch.long, requires_grad=False, device=args.device).view(-1) # [0,0,0, 1,1,1, ..., 9,9,9]
eval_it_pool:  [0, 500, 1000]
Files already downloaded and verified
Files already downloaded and verified

================== Exp 0 ==================
 
Hyper-parameters: 
 {'method': 'DC', 'dataset': 'CIFAR10', 'model': 'ConvNet', 'ipc': 1, 'eval_mode': 'S', 'num_exp': 5, 'num_eval': 20, 'epoch_eval_train': 300, 'Iteration': 1000, 'lr_img': 0.1, 'lr_net': 0.01, 'batch_real': 256, 'batch_train': 256, 'init': 'noise', 'dsa_strategy': 'None', 'data_path': 'data', 'save_path': 'result', 'dis_metric': 'ours', 'outer_loop': 1, 'inner_loop': 1, 'device': 'cuda', 'dsa_param': <utils.ParamDiffAug object at 0x7fe44df08c70>, 'dsa': False}
Evaluation model pool:  ['ConvNet']
class c = 0: 5000 real images
class c = 1: 5000 real images
class c = 2: 5000 real images
class c = 3: 5000 real images
class c = 4: 5000 real images
class c = 5: 5000 real images
class c = 6: 5000 real images
class c = 7: 5000 real images
class c = 8: 5000 real images
class c = 9: 5000 real images
real images channel 0, mean = -0.0000, std = 1.2211
real images channel 1, mean = -0.0002, std = 1.2211
real images channel 2, mean = 0.0002, std = 1.3014
initialize synthetic data from random noise
[2023-10-16 14:24:10] training begins
-------------------------
Evaluation
model_train = ConvNet, model_eval = ConvNet, iteration = 0
DC augmentation parameters: 
 {'crop': 4, 'scale': 0.2, 'rotate': 45, 'noise': 0.001, 'strategy': 'none'}
[2023-10-16 14:24:13] Evaluate_00: epoch = 0300 train time = 2 s train loss = 0.000402 train acc = 1.0000, test acc = 0.0976
[2023-10-16 14:24:16] Evaluate_01: epoch = 0300 train time = 0 s train loss = 0.000419 train acc = 1.0000, test acc = 0.1111
[2023-10-16 14:24:19] Evaluate_02: epoch = 0300 train time = 0 s train loss = 0.000400 train acc = 1.0000, test acc = 0.1028
[2023-10-16 14:24:21] Evaluate_03: epoch = 0300 train time = 0 s train loss = 0.000436 train acc = 1.0000, test acc = 0.0852
[2023-10-16 14:24:24] Evaluate_04: epoch = 0300 train time = 0 s train loss = 0.000404 train acc = 1.0000, test acc = 0.0796
[2023-10-16 14:24:27] Evaluate_05: epoch = 0300 train time = 0 s train loss = 0.000411 train acc = 1.0000, test acc = 0.0812
[2023-10-16 14:24:29] Evaluate_06: epoch = 0300 train time = 0 s train loss = 0.000430 train acc = 1.0000, test acc = 0.0832
[2023-10-16 14:24:32] Evaluate_07: epoch = 0300 train time = 0 s train loss = 0.000411 train acc = 1.0000, test acc = 0.0833
[2023-10-16 14:24:35] Evaluate_08: epoch = 0300 train time = 0 s train loss = 0.000395 train acc = 1.0000, test acc = 0.0824
[2023-10-16 14:24:37] Evaluate_09: epoch = 0300 train time = 0 s train loss = 0.000432 train acc = 1.0000, test acc = 0.0788
[2023-10-16 14:24:40] Evaluate_10: epoch = 0300 train time = 0 s train loss = 0.000410 train acc = 1.0000, test acc = 0.0895
[2023-10-16 14:24:43] Evaluate_11: epoch = 0300 train time = 0 s train loss = 0.000399 train acc = 1.0000, test acc = 0.0966
[2023-10-16 14:24:45] Evaluate_12: epoch = 0300 train time = 0 s train loss = 0.000396 train acc = 1.0000, test acc = 0.0825
[2023-10-16 14:24:48] Evaluate_13: epoch = 0300 train time = 0 s train loss = 0.000418 train acc = 1.0000, test acc = 0.0944
[2023-10-16 14:24:51] Evaluate_14: epoch = 0300 train time = 0 s train loss = 0.000438 train acc = 1.0000, test acc = 0.0977
[2023-10-16 14:24:53] Evaluate_15: epoch = 0300 train time = 0 s train loss = 0.000412 train acc = 1.0000, test acc = 0.1000
[2023-10-16 14:24:56] Evaluate_16: epoch = 0300 train time = 0 s train loss = 0.000418 train acc = 1.0000, test acc = 0.0925
[2023-10-16 14:24:59] Evaluate_17: epoch = 0300 train time = 0 s train loss = 0.000436 train acc = 1.0000, test acc = 0.0798
[2023-10-16 14:25:01] Evaluate_18: epoch = 0300 train time = 0 s train loss = 0.000401 train acc = 1.0000, test acc = 0.0838
[2023-10-16 14:25:04] Evaluate_19: epoch = 0300 train time = 0 s train loss = 0.000394 train acc = 1.0000, test acc = 0.0847
Evaluate 20 random ConvNet, mean = 0.0893 std = 0.0089
-------------------------
10
1
10
Traceback (most recent call last):
  File "/data/happythgus/LDA/DC/main.py", line 263, in <module>
    main()
  File "/data/happythgus/LDA/DC/main.py", line 221, in main
    lda_loss = LDALoss(lda_X, lda_Y).cuda()
  File "/data/happythgus/LDA/DC/utils.py", line 16, in LDALoss
    print(len(Y[0]))
  File "/home/happythgus/.local/lib/python3.9/site-packages/torch/_tensor.py", line 908, in __len__
    raise TypeError("len() of a 0-d tensor")
TypeError: len() of a 0-d tensor
