/data/happythgus/LDA/DC
/data/opt/anaconda3/bin/python
moana-r3
/data/happythgus/LDA/DC/main.py:90: DeprecationWarning: an integer is required (got type numpy.float64).  Implicit conversion to integers using __int__ is deprecated, and may be removed in a future version of Python.
  label_syn = torch.tensor([np.ones(args.ipc)*i for i in range(num_classes)], dtype=torch.long, requires_grad=False, device=args.device).view(-1) # [0,0,0, 1,1,1, ..., 9,9,9]
/data/happythgus/LDA/DC/main.py:90: UserWarning: Creating a tensor from a list of numpy.ndarrays is extremely slow. Please consider converting the list to a single numpy.ndarray with numpy.array() before converting to a tensor. (Triggered internally at ../torch/csrc/utils/tensor_new.cpp:245.)
  label_syn = torch.tensor([np.ones(args.ipc)*i for i in range(num_classes)], dtype=torch.long, requires_grad=False, device=args.device).view(-1) # [0,0,0, 1,1,1, ..., 9,9,9]
eval_it_pool:  [0, 500, 1000]
Files already downloaded and verified
Files already downloaded and verified

================== Exp 0 ==================
 
Hyper-parameters: 
 {'method': 'DC', 'dataset': 'CIFAR10', 'model': 'ConvNet', 'ipc': 1, 'eval_mode': 'S', 'num_exp': 5, 'num_eval': 20, 'epoch_eval_train': 300, 'Iteration': 1000, 'lr_img': 0.1, 'lr_net': 0.01, 'batch_real': 256, 'batch_train': 256, 'init': 'noise', 'dsa_strategy': 'None', 'data_path': 'data', 'save_path': 'result', 'dis_metric': 'ours', 'outer_loop': 1, 'inner_loop': 1, 'device': 'cuda', 'dsa_param': <utils.ParamDiffAug object at 0x7ff7fec3fc70>, 'dsa': False}
Evaluation model pool:  ['ConvNet']
class c = 0: 5000 real images
class c = 1: 5000 real images
class c = 2: 5000 real images
class c = 3: 5000 real images
class c = 4: 5000 real images
class c = 5: 5000 real images
class c = 6: 5000 real images
class c = 7: 5000 real images
class c = 8: 5000 real images
class c = 9: 5000 real images
real images channel 0, mean = -0.0000, std = 1.2211
real images channel 1, mean = -0.0002, std = 1.2211
real images channel 2, mean = 0.0002, std = 1.3014
initialize synthetic data from random noise
[2023-10-17 00:36:42] training begins
-------------------------
Evaluation
model_train = ConvNet, model_eval = ConvNet, iteration = 0
DC augmentation parameters: 
 {'crop': 4, 'scale': 0.2, 'rotate': 45, 'noise': 0.001, 'strategy': 'none'}
[2023-10-17 00:36:46] Evaluate_00: epoch = 0300 train time = 2 s train loss = 0.000427 train acc = 1.0000, test acc = 0.0771
[2023-10-17 00:36:48] Evaluate_01: epoch = 0300 train time = 0 s train loss = 0.000422 train acc = 1.0000, test acc = 0.0949
[2023-10-17 00:36:51] Evaluate_02: epoch = 0300 train time = 0 s train loss = 0.000411 train acc = 1.0000, test acc = 0.0773
[2023-10-17 00:36:54] Evaluate_03: epoch = 0300 train time = 0 s train loss = 0.000417 train acc = 1.0000, test acc = 0.0740
[2023-10-17 00:36:56] Evaluate_04: epoch = 0300 train time = 0 s train loss = 0.000401 train acc = 1.0000, test acc = 0.0875
[2023-10-17 00:36:59] Evaluate_05: epoch = 0300 train time = 0 s train loss = 0.000412 train acc = 1.0000, test acc = 0.0728
[2023-10-17 00:37:02] Evaluate_06: epoch = 0300 train time = 0 s train loss = 0.000417 train acc = 1.0000, test acc = 0.0736
[2023-10-17 00:37:04] Evaluate_07: epoch = 0300 train time = 0 s train loss = 0.000410 train acc = 1.0000, test acc = 0.0850
[2023-10-17 00:37:07] Evaluate_08: epoch = 0300 train time = 0 s train loss = 0.000435 train acc = 1.0000, test acc = 0.0913
[2023-10-17 00:37:10] Evaluate_09: epoch = 0300 train time = 0 s train loss = 0.000432 train acc = 1.0000, test acc = 0.0860
[2023-10-17 00:37:12] Evaluate_10: epoch = 0300 train time = 0 s train loss = 0.000417 train acc = 1.0000, test acc = 0.0928
[2023-10-17 00:37:15] Evaluate_11: epoch = 0300 train time = 0 s train loss = 0.000416 train acc = 1.0000, test acc = 0.0723
[2023-10-17 00:37:18] Evaluate_12: epoch = 0300 train time = 0 s train loss = 0.000409 train acc = 1.0000, test acc = 0.0897
[2023-10-17 00:37:20] Evaluate_13: epoch = 0300 train time = 0 s train loss = 0.000419 train acc = 1.0000, test acc = 0.1001
[2023-10-17 00:37:23] Evaluate_14: epoch = 0300 train time = 0 s train loss = 0.000444 train acc = 1.0000, test acc = 0.1003
[2023-10-17 00:37:26] Evaluate_15: epoch = 0300 train time = 0 s train loss = 0.000427 train acc = 1.0000, test acc = 0.0836
[2023-10-17 00:37:28] Evaluate_16: epoch = 0300 train time = 0 s train loss = 0.000430 train acc = 1.0000, test acc = 0.0842
[2023-10-17 00:37:31] Evaluate_17: epoch = 0300 train time = 0 s train loss = 0.000411 train acc = 1.0000, test acc = 0.1220
[2023-10-17 00:37:33] Evaluate_18: epoch = 0300 train time = 0 s train loss = 0.000407 train acc = 1.0000, test acc = 0.0900
[2023-10-17 00:37:36] Evaluate_19: epoch = 0300 train time = 0 s train loss = 0.000428 train acc = 1.0000, test acc = 0.0594
Evaluate 20 random ConvNet, mean = 0.0857 std = 0.0131
-------------------------
4.605680442182347e-05
Traceback (most recent call last):
  File "/data/happythgus/LDA/DC/main.py", line 263, in <module>
    main()
  File "/data/happythgus/LDA/DC/main.py", line 221, in main
    lda_loss = LDALoss(lda_X, lda_Y).cuda()
  File "/data/happythgus/LDA/DC/utils.py", line 27, in LDALoss
    allClassVar = torch.sum((torch.stack(X).to('cuda') - overall_mean) ** 2, dim=0).to('cuda').item()
RuntimeError: a Tensor with 10 elements cannot be converted to Scalar
