/data/happythgus/LDA/DC
/data/opt/anaconda3/bin/python
moana-r3
/data/happythgus/LDA/DC/main.py:90: DeprecationWarning: an integer is required (got type numpy.float64).  Implicit conversion to integers using __int__ is deprecated, and may be removed in a future version of Python.
  label_syn = torch.tensor([np.ones(args.ipc)*i for i in range(num_classes)], dtype=torch.long, requires_grad=False, device=args.device).view(-1) # [0,0,0, 1,1,1, ..., 9,9,9]
/data/happythgus/LDA/DC/main.py:90: UserWarning: Creating a tensor from a list of numpy.ndarrays is extremely slow. Please consider converting the list to a single numpy.ndarray with numpy.array() before converting to a tensor. (Triggered internally at ../torch/csrc/utils/tensor_new.cpp:245.)
  label_syn = torch.tensor([np.ones(args.ipc)*i for i in range(num_classes)], dtype=torch.long, requires_grad=False, device=args.device).view(-1) # [0,0,0, 1,1,1, ..., 9,9,9]
eval_it_pool:  [0, 500, 1000]

================== Exp 0 ==================
 
Hyper-parameters: 
 {'method': 'DC', 'dataset': 'MNIST', 'model': 'ConvNet', 'ipc': 1, 'eval_mode': 'S', 'num_exp': 5, 'num_eval': 20, 'epoch_eval_train': 300, 'Iteration': 1000, 'lr_img': 0.1, 'lr_net': 0.01, 'batch_real': 256, 'batch_train': 256, 'init': 'noise', 'dsa_strategy': 'None', 'data_path': 'data', 'save_path': 'result', 'dis_metric': 'ours', 'outer_loop': 1, 'inner_loop': 1, 'device': 'cuda', 'dsa_param': <utils.ParamDiffAug object at 0x7f9994dccee0>, 'dsa': False}
Evaluation model pool:  ['ConvNet']
class c = 0: 5923 real images
class c = 1: 6742 real images
class c = 2: 5958 real images
class c = 3: 6131 real images
class c = 4: 5842 real images
class c = 5: 5421 real images
class c = 6: 5918 real images
class c = 7: 6265 real images
class c = 8: 5851 real images
class c = 9: 5949 real images
real images channel 0, mean = -0.0001, std = 1.0000
initialize synthetic data from random noise
[2023-10-16 00:40:34] training begins
-------------------------
Evaluation
model_train = ConvNet, model_eval = ConvNet, iteration = 0
DC augmentation parameters: 
 {'crop': 4, 'scale': 0.2, 'rotate': 45, 'noise': 0.001, 'strategy': 'crop_scale_rotate'}
batchnorm
[2023-10-16 00:40:41] Evaluate_00: epoch = 1000 train time = 5 s train loss = 0.000972 train acc = 1.0000, test acc = 0.1202
batchnorm
[2023-10-16 00:40:47] Evaluate_01: epoch = 1000 train time = 4 s train loss = 0.000690 train acc = 1.0000, test acc = 0.1634
batchnorm
[2023-10-16 00:40:53] Evaluate_02: epoch = 1000 train time = 4 s train loss = 0.001683 train acc = 1.0000, test acc = 0.1414
batchnorm
[2023-10-16 00:40:59] Evaluate_03: epoch = 1000 train time = 4 s train loss = 0.002669 train acc = 1.0000, test acc = 0.1272
batchnorm
[2023-10-16 00:41:05] Evaluate_04: epoch = 1000 train time = 4 s train loss = 0.001123 train acc = 1.0000, test acc = 0.1402
batchnorm
[2023-10-16 00:41:11] Evaluate_05: epoch = 1000 train time = 4 s train loss = 0.000609 train acc = 1.0000, test acc = 0.0810
batchnorm
[2023-10-16 00:41:17] Evaluate_06: epoch = 1000 train time = 4 s train loss = 0.000539 train acc = 1.0000, test acc = 0.1505
batchnorm
[2023-10-16 00:41:23] Evaluate_07: epoch = 1000 train time = 4 s train loss = 0.001287 train acc = 1.0000, test acc = 0.1441
batchnorm
[2023-10-16 00:41:29] Evaluate_08: epoch = 1000 train time = 4 s train loss = 0.001320 train acc = 1.0000, test acc = 0.1628
batchnorm
[2023-10-16 00:41:35] Evaluate_09: epoch = 1000 train time = 4 s train loss = 0.001187 train acc = 1.0000, test acc = 0.1380
batchnorm
[2023-10-16 00:41:41] Evaluate_10: epoch = 1000 train time = 4 s train loss = 0.005106 train acc = 1.0000, test acc = 0.1664
batchnorm
[2023-10-16 00:41:47] Evaluate_11: epoch = 1000 train time = 4 s train loss = 0.001052 train acc = 1.0000, test acc = 0.1527
batchnorm
[2023-10-16 00:41:53] Evaluate_12: epoch = 1000 train time = 4 s train loss = 0.002709 train acc = 1.0000, test acc = 0.1505
batchnorm
[2023-10-16 00:41:59] Evaluate_13: epoch = 1000 train time = 4 s train loss = 0.000827 train acc = 1.0000, test acc = 0.1430
batchnorm
[2023-10-16 00:42:05] Evaluate_14: epoch = 1000 train time = 4 s train loss = 0.003591 train acc = 1.0000, test acc = 0.1567
batchnorm
[2023-10-16 00:42:11] Evaluate_15: epoch = 1000 train time = 4 s train loss = 0.000673 train acc = 1.0000, test acc = 0.1585
batchnorm
[2023-10-16 00:42:17] Evaluate_16: epoch = 1000 train time = 4 s train loss = 0.002514 train acc = 1.0000, test acc = 0.1348
batchnorm
[2023-10-16 00:42:23] Evaluate_17: epoch = 1000 train time = 4 s train loss = 0.002185 train acc = 1.0000, test acc = 0.1446
batchnorm
[2023-10-16 00:42:29] Evaluate_18: epoch = 1000 train time = 4 s train loss = 0.009292 train acc = 1.0000, test acc = 0.1548
batchnorm
[2023-10-16 00:42:34] Evaluate_19: epoch = 1000 train time = 4 s train loss = 0.000879 train acc = 1.0000, test acc = 0.1321
Evaluate 20 random ConvNet, mean = 0.1431 std = 0.0187
-------------------------
batchnorm
Traceback (most recent call last):
  File "/data/happythgus/LDA/DC/main.py", line 291, in <module>
    main()
  File "/data/happythgus/LDA/DC/main.py", line 254, in main
    loss.backward()
  File "/home/happythgus/.local/lib/python3.9/site-packages/torch/_tensor.py", line 487, in backward
    torch.autograd.backward(
  File "/home/happythgus/.local/lib/python3.9/site-packages/torch/autograd/__init__.py", line 193, in backward
    grad_tensors_ = _make_grads(tensors, grad_tensors_, is_grads_batched=False)
  File "/home/happythgus/.local/lib/python3.9/site-packages/torch/autograd/__init__.py", line 88, in _make_grads
    raise RuntimeError("grad can be implicitly created only for scalar outputs")
RuntimeError: grad can be implicitly created only for scalar outputs
