/data/happythgus/newLDA/DC
/data/opt/anaconda3/envs/pytorch1.12.1_p38/bin/python
moana-r1
main.py:95: DeprecationWarning: an integer is required (got type numpy.float64).  Implicit conversion to integers using __int__ is deprecated, and may be removed in a future version of Python.
  label_syn = torch.tensor([np.ones(args.ipc)*i for i in range(num_classes)], dtype=torch.long, requires_grad=False, device=args.device).view(-1) # [0,0,0, 1,1,1, ..., 9,9,9]
main.py:95: UserWarning: Creating a tensor from a list of numpy.ndarrays is extremely slow. Please consider converting the list to a single numpy.ndarray with numpy.array() before converting to a tensor. (Triggered internally at  /opt/conda/conda-bld/pytorch_1659484810403/work/torch/csrc/utils/tensor_new.cpp:201.)
  label_syn = torch.tensor([np.ones(args.ipc)*i for i in range(num_classes)], dtype=torch.long, requires_grad=False, device=args.device).view(-1) # [0,0,0, 1,1,1, ..., 9,9,9]
eval_it_pool:  [0, 500, 1000]
Files already downloaded and verified
Files already downloaded and verified

================== Exp 0 ==================
 
Hyper-parameters: 
 {'method': 'DC', 'dataset': 'CIFAR10', 'model': 'ConvNet', 'ipc': 10, 'eval_mode': 'S', 'num_exp': 1, 'num_eval': 20, 'epoch_eval_train': 300, 'Iteration': 1000, 'lr_img': 0.1, 'lr_net': 0.01, 'batch_real': 256, 'batch_train': 256, 'init': 'noise', 'dsa_strategy': 'None', 'data_path': 'data', 'save_path': 'result', 'dis_metric': 'ours', 'outer_loop': 10, 'inner_loop': 50, 'device': 'cuda', 'dsa_param': <utils.ParamDiffAug object at 0x7fc571d49d00>, 'dsa': False}
Evaluation model pool:  ['ConvNet']
class c = 0: 5000 real images
class c = 1: 5000 real images
class c = 2: 5000 real images
class c = 3: 5000 real images
class c = 4: 5000 real images
class c = 5: 5000 real images
class c = 6: 5000 real images
class c = 7: 5000 real images
class c = 8: 5000 real images
class c = 9: 5000 real images
real images channel 0, mean = -0.0000, std = 1.2211
real images channel 1, mean = -0.0002, std = 1.2211
real images channel 2, mean = 0.0002, std = 1.3014
initialize synthetic data from random noise
[2023-10-27 22:57:41] training begins
-------------------------
Evaluation
model_train = ConvNet, model_eval = ConvNet, iteration = 0
DC augmentation parameters: 
 {'crop': 4, 'scale': 0.2, 'rotate': 45, 'noise': 0.001, 'strategy': 'none'}
[2023-10-27 22:57:49] Evaluate_00: epoch = 0300 train time = 5 s train loss = 0.003722 train acc = 1.0000, test acc = 0.0947
[2023-10-27 22:57:54] Evaluate_01: epoch = 0300 train time = 2 s train loss = 0.003768 train acc = 1.0000, test acc = 0.0831
[2023-10-27 22:57:58] Evaluate_02: epoch = 0300 train time = 2 s train loss = 0.003658 train acc = 1.0000, test acc = 0.0973
[2023-10-27 22:58:02] Evaluate_03: epoch = 0300 train time = 2 s train loss = 0.003698 train acc = 1.0000, test acc = 0.0796
[2023-10-27 22:58:07] Evaluate_04: epoch = 0300 train time = 2 s train loss = 0.003848 train acc = 1.0000, test acc = 0.0751
[2023-10-27 22:58:11] Evaluate_05: epoch = 0300 train time = 2 s train loss = 0.003652 train acc = 1.0000, test acc = 0.0863
[2023-10-27 22:58:16] Evaluate_06: epoch = 0300 train time = 2 s train loss = 0.003751 train acc = 1.0000, test acc = 0.0923
[2023-10-27 22:58:20] Evaluate_07: epoch = 0300 train time = 2 s train loss = 0.003773 train acc = 1.0000, test acc = 0.0988
[2023-10-27 22:58:25] Evaluate_08: epoch = 0300 train time = 2 s train loss = 0.003603 train acc = 1.0000, test acc = 0.0861
[2023-10-27 22:58:29] Evaluate_09: epoch = 0300 train time = 2 s train loss = 0.003686 train acc = 1.0000, test acc = 0.0845
[2023-10-27 22:58:34] Evaluate_10: epoch = 0300 train time = 2 s train loss = 0.003717 train acc = 1.0000, test acc = 0.0975
[2023-10-27 22:58:38] Evaluate_11: epoch = 0300 train time = 2 s train loss = 0.003744 train acc = 1.0000, test acc = 0.0868
[2023-10-27 22:58:43] Evaluate_12: epoch = 0300 train time = 2 s train loss = 0.003819 train acc = 1.0000, test acc = 0.0807
[2023-10-27 22:58:47] Evaluate_13: epoch = 0300 train time = 2 s train loss = 0.003782 train acc = 1.0000, test acc = 0.0816
[2023-10-27 22:58:51] Evaluate_14: epoch = 0300 train time = 2 s train loss = 0.003730 train acc = 1.0000, test acc = 0.0859
[2023-10-27 22:58:56] Evaluate_15: epoch = 0300 train time = 2 s train loss = 0.003753 train acc = 1.0000, test acc = 0.0889
[2023-10-27 22:59:00] Evaluate_16: epoch = 0300 train time = 2 s train loss = 0.003799 train acc = 1.0000, test acc = 0.0891
[2023-10-27 22:59:05] Evaluate_17: epoch = 0300 train time = 2 s train loss = 0.003659 train acc = 1.0000, test acc = 0.0885
[2023-10-27 22:59:09] Evaluate_18: epoch = 0300 train time = 2 s train loss = 0.003665 train acc = 1.0000, test acc = 0.0753
[2023-10-27 22:59:14] Evaluate_19: epoch = 0300 train time = 2 s train loss = 0.003831 train acc = 1.0000, test acc = 0.0951
Evaluate 20 random ConvNet, mean = 0.0874 std = 0.0069
-------------------------
Traceback (most recent call last):
  File "main.py", line 264, in <module>
    main()
  File "main.py", line 226, in main
    lda_loss = LDALoss(lda_X, lda_Y)
  File "/data/happythgus/newLDA/DC/utils.py", line 53, in LDALoss
    diff = (torch.sum(class_samples[i] - class_mean).to('cuda')).item() 
IndexError: index 1 is out of bounds for dimension 0 with size 1
