/data/happythgus/newLDA/DC
/data/opt/anaconda3/envs/pytorch1.12.1_p38/bin/python
moana-r3
main.py:95: DeprecationWarning: an integer is required (got type numpy.float64).  Implicit conversion to integers using __int__ is deprecated, and may be removed in a future version of Python.
  label_syn = torch.tensor([np.ones(args.ipc)*i for i in range(num_classes)], dtype=torch.long, requires_grad=False, device=args.device).view(-1) # [0,0,0, 1,1,1, ..., 9,9,9]
main.py:95: UserWarning: Creating a tensor from a list of numpy.ndarrays is extremely slow. Please consider converting the list to a single numpy.ndarray with numpy.array() before converting to a tensor. (Triggered internally at  /opt/conda/conda-bld/pytorch_1659484810403/work/torch/csrc/utils/tensor_new.cpp:201.)
  label_syn = torch.tensor([np.ones(args.ipc)*i for i in range(num_classes)], dtype=torch.long, requires_grad=False, device=args.device).view(-1) # [0,0,0, 1,1,1, ..., 9,9,9]
eval_it_pool:  [0, 500, 1000]
Files already downloaded and verified
Files already downloaded and verified

================== Exp 0 ==================
 
Hyper-parameters: 
 {'method': 'DC', 'dataset': 'CIFAR10', 'model': 'ConvNet', 'ipc': 10, 'eval_mode': 'S', 'num_exp': 1, 'num_eval': 20, 'epoch_eval_train': 300, 'Iteration': 1000, 'lr_img': 0.1, 'lr_net': 0.01, 'batch_real': 256, 'batch_train': 256, 'init': 'noise', 'dsa_strategy': 'None', 'data_path': 'data', 'save_path': 'result', 'dis_metric': 'ours', 'outer_loop': 10, 'inner_loop': 50, 'device': 'cuda', 'dsa_param': <utils.ParamDiffAug object at 0x7fc00780dcd0>, 'dsa': False}
Evaluation model pool:  ['ConvNet']
class c = 0: 5000 real images
class c = 1: 5000 real images
class c = 2: 5000 real images
class c = 3: 5000 real images
class c = 4: 5000 real images
class c = 5: 5000 real images
class c = 6: 5000 real images
class c = 7: 5000 real images
class c = 8: 5000 real images
class c = 9: 5000 real images
real images channel 0, mean = -0.0000, std = 1.2211
real images channel 1, mean = -0.0002, std = 1.2211
real images channel 2, mean = 0.0002, std = 1.3014
initialize synthetic data from random noise
[2023-10-27 23:16:43] training begins
-------------------------
Evaluation
model_train = ConvNet, model_eval = ConvNet, iteration = 0
DC augmentation parameters: 
 {'crop': 4, 'scale': 0.2, 'rotate': 45, 'noise': 0.001, 'strategy': 'none'}
[2023-10-27 23:16:50] Evaluate_00: epoch = 0300 train time = 5 s train loss = 0.003569 train acc = 1.0000, test acc = 0.1025
[2023-10-27 23:16:55] Evaluate_01: epoch = 0300 train time = 2 s train loss = 0.003663 train acc = 1.0000, test acc = 0.0940
[2023-10-27 23:16:59] Evaluate_02: epoch = 0300 train time = 2 s train loss = 0.003682 train acc = 1.0000, test acc = 0.0987
[2023-10-27 23:17:04] Evaluate_03: epoch = 0300 train time = 2 s train loss = 0.003658 train acc = 1.0000, test acc = 0.1205
[2023-10-27 23:17:08] Evaluate_04: epoch = 0300 train time = 2 s train loss = 0.003574 train acc = 1.0000, test acc = 0.1176
[2023-10-27 23:17:13] Evaluate_05: epoch = 0300 train time = 2 s train loss = 0.003566 train acc = 1.0000, test acc = 0.1093
[2023-10-27 23:17:17] Evaluate_06: epoch = 0300 train time = 2 s train loss = 0.003683 train acc = 1.0000, test acc = 0.1028
[2023-10-27 23:17:22] Evaluate_07: epoch = 0300 train time = 2 s train loss = 0.003580 train acc = 1.0000, test acc = 0.1101
[2023-10-27 23:17:26] Evaluate_08: epoch = 0300 train time = 2 s train loss = 0.003765 train acc = 1.0000, test acc = 0.1041
[2023-10-27 23:17:30] Evaluate_09: epoch = 0300 train time = 2 s train loss = 0.003619 train acc = 1.0000, test acc = 0.1024
[2023-10-27 23:17:35] Evaluate_10: epoch = 0300 train time = 2 s train loss = 0.003581 train acc = 1.0000, test acc = 0.0945
[2023-10-27 23:17:39] Evaluate_11: epoch = 0300 train time = 2 s train loss = 0.003534 train acc = 1.0000, test acc = 0.1087
[2023-10-27 23:17:44] Evaluate_12: epoch = 0300 train time = 2 s train loss = 0.003694 train acc = 1.0000, test acc = 0.0994
[2023-10-27 23:17:48] Evaluate_13: epoch = 0300 train time = 2 s train loss = 0.003698 train acc = 1.0000, test acc = 0.1126
[2023-10-27 23:17:53] Evaluate_14: epoch = 0300 train time = 2 s train loss = 0.003646 train acc = 1.0000, test acc = 0.1323
[2023-10-27 23:17:57] Evaluate_15: epoch = 0300 train time = 2 s train loss = 0.003616 train acc = 1.0000, test acc = 0.1097
[2023-10-27 23:18:02] Evaluate_16: epoch = 0300 train time = 2 s train loss = 0.003629 train acc = 1.0000, test acc = 0.1007
[2023-10-27 23:18:06] Evaluate_17: epoch = 0300 train time = 2 s train loss = 0.003615 train acc = 1.0000, test acc = 0.1053
[2023-10-27 23:18:11] Evaluate_18: epoch = 0300 train time = 2 s train loss = 0.003617 train acc = 1.0000, test acc = 0.0981
[2023-10-27 23:18:15] Evaluate_19: epoch = 0300 train time = 2 s train loss = 0.003583 train acc = 1.0000, test acc = 0.1106
Evaluate 20 random ConvNet, mean = 0.1067 std = 0.0091
-------------------------
tensor([[ 0.0025,  0.0080, -0.0122,  0.0019, -0.0043, -0.0283,  0.0331, -0.0058,
         -0.0063,  0.0010]], device='cuda:0', grad_fn=<AddmmBackward0>)
[tensor([[ 0.0025,  0.0080, -0.0122,  0.0019, -0.0043, -0.0283,  0.0331, -0.0058,
         -0.0063,  0.0010]], device='cuda:0', grad_fn=<AddmmBackward0>), tensor([[ 0.0002,  0.0106, -0.0117, -0.0011, -0.0063, -0.0243,  0.0296,  0.0024,
         -0.0003, -0.0046]], device='cuda:0', grad_fn=<AddmmBackward0>), tensor([[-7.0207e-03,  1.3323e-02, -1.2779e-02, -6.9249e-05, -6.8747e-03,
         -2.7311e-02,  2.9487e-02, -1.0070e-03, -4.9300e-03, -5.5751e-05]],
       device='cuda:0', grad_fn=<AddmmBackward0>), tensor([[ 0.0032,  0.0094, -0.0129,  0.0019, -0.0046, -0.0281,  0.0335,  0.0013,
         -0.0098, -0.0080]], device='cuda:0', grad_fn=<AddmmBackward0>), tensor([[-0.0030,  0.0053, -0.0117, -0.0034, -0.0056, -0.0270,  0.0274, -0.0044,
         -0.0093, -0.0007]], device='cuda:0', grad_fn=<AddmmBackward0>), tensor([[ 0.0016,  0.0106, -0.0123, -0.0002, -0.0093, -0.0271,  0.0277,  0.0002,
         -0.0031, -0.0051]], device='cuda:0', grad_fn=<AddmmBackward0>), tensor([[ 0.0005,  0.0092, -0.0138,  0.0009, -0.0090, -0.0230,  0.0314, -0.0013,
         -0.0068,  0.0001]], device='cuda:0', grad_fn=<AddmmBackward0>), tensor([[-8.9447e-03,  8.7994e-03, -1.0719e-02, -4.0419e-03,  1.7259e-06,
         -2.5298e-02,  3.2352e-02,  1.6083e-03, -9.4613e-03, -3.2346e-03]],
       device='cuda:0', grad_fn=<AddmmBackward0>), tensor([[-0.0046,  0.0138, -0.0094,  0.0036, -0.0047, -0.0237,  0.0348, -0.0007,
         -0.0067, -0.0039]], device='cuda:0', grad_fn=<AddmmBackward0>), tensor([[ 0.0004,  0.0066, -0.0154, -0.0018, -0.0078, -0.0256,  0.0353, -0.0031,
         -0.0022, -0.0040]], device='cuda:0', grad_fn=<AddmmBackward0>), tensor([[-0.0029,  0.0133, -0.0164,  0.0023, -0.0047, -0.0246,  0.0320, -0.0008,
         -0.0036, -0.0091]], device='cuda:0', grad_fn=<AddmmBackward0>), tensor([[ 0.0031,  0.0132, -0.0147,  0.0117, -0.0035, -0.0287,  0.0330, -0.0015,
         -0.0057,  0.0002]], device='cuda:0', grad_fn=<AddmmBackward0>), tensor([[ 0.0027,  0.0096, -0.0094,  0.0032, -0.0031, -0.0255,  0.0329, -0.0013,
         -0.0088, -0.0011]], device='cuda:0', grad_fn=<AddmmBackward0>), tensor([[-0.0013,  0.0069, -0.0149,  0.0060, -0.0076, -0.0225,  0.0283, -0.0036,
         -0.0099, -0.0004]], device='cuda:0', grad_fn=<AddmmBackward0>), tensor([[ 0.0048,  0.0085, -0.0135, -0.0028, -0.0031, -0.0303,  0.0269, -0.0054,
         -0.0046, -0.0065]], device='cuda:0', grad_fn=<AddmmBackward0>), tensor([[-0.0013,  0.0055, -0.0140, -0.0010, -0.0041, -0.0275,  0.0287, -0.0023,
         -0.0073, -0.0019]], device='cuda:0', grad_fn=<AddmmBackward0>), tensor([[-0.0012,  0.0092, -0.0129,  0.0016, -0.0047, -0.0252,  0.0286, -0.0032,
         -0.0075, -0.0068]], device='cuda:0', grad_fn=<AddmmBackward0>), tensor([[-0.0046,  0.0089, -0.0108,  0.0014, -0.0077, -0.0216,  0.0316, -0.0016,
         -0.0004, -0.0085]], device='cuda:0', grad_fn=<AddmmBackward0>), tensor([[-0.0041,  0.0135, -0.0167, -0.0023,  0.0020, -0.0281,  0.0325, -0.0010,
         -0.0045, -0.0013]], device='cuda:0', grad_fn=<AddmmBackward0>), tensor([[-0.0060,  0.0152, -0.0090,  0.0034, -0.0110, -0.0209,  0.0273,  0.0036,
         -0.0034, -0.0060]], device='cuda:0', grad_fn=<AddmmBackward0>), tensor([[ 0.0013,  0.0091, -0.0127, -0.0006, -0.0069, -0.0239,  0.0286,  0.0025,
         -0.0035, -0.0077]], device='cuda:0', grad_fn=<AddmmBackward0>), tensor([[ 1.6260e-03,  9.0008e-03, -1.4272e-02, -7.1437e-04, -6.7986e-03,
         -2.2097e-02,  3.2621e-02, -2.1526e-05, -9.0215e-03, -5.8566e-03]],
       device='cuda:0', grad_fn=<AddmmBackward0>), tensor([[-0.0019,  0.0126, -0.0130,  0.0052, -0.0066, -0.0274,  0.0325,  0.0009,
         -0.0094, -0.0063]], device='cuda:0', grad_fn=<AddmmBackward0>), tensor([[-0.0037,  0.0008, -0.0172,  0.0007, -0.0067, -0.0261,  0.0285, -0.0003,
         -0.0053, -0.0013]], device='cuda:0', grad_fn=<AddmmBackward0>), tensor([[-0.0006,  0.0121, -0.0111,  0.0062, -0.0058, -0.0259,  0.0324,  0.0057,
         -0.0083, -0.0035]], device='cuda:0', grad_fn=<AddmmBackward0>), tensor([[-0.0099,  0.0094, -0.0133,  0.0066, -0.0058, -0.0287,  0.0246,  0.0014,
         -0.0027, -0.0039]], device='cuda:0', grad_fn=<AddmmBackward0>), tensor([[-0.0025,  0.0080, -0.0160, -0.0038, -0.0038, -0.0229,  0.0304,  0.0039,
         -0.0119, -0.0053]], device='cuda:0', grad_fn=<AddmmBackward0>), tensor([[ 0.0001,  0.0064, -0.0111, -0.0002, -0.0145, -0.0232,  0.0262,  0.0056,
         -0.0066, -0.0036]], device='cuda:0', grad_fn=<AddmmBackward0>), tensor([[-0.0018,  0.0099, -0.0161,  0.0005, -0.0062, -0.0261,  0.0343,  0.0014,
         -0.0006, -0.0044]], device='cuda:0', grad_fn=<AddmmBackward0>), tensor([[ 0.0001,  0.0102, -0.0155,  0.0050,  0.0021, -0.0266,  0.0352,  0.0032,
          0.0011, -0.0071]], device='cuda:0', grad_fn=<AddmmBackward0>), tensor([[ 0.0003,  0.0115, -0.0156,  0.0048, -0.0083, -0.0248,  0.0292,  0.0003,
         -0.0066, -0.0079]], device='cuda:0', grad_fn=<AddmmBackward0>), tensor([[ 0.0008,  0.0170, -0.0116,  0.0030, -0.0057, -0.0249,  0.0278,  0.0024,
         -0.0005, -0.0101]], device='cuda:0', grad_fn=<AddmmBackward0>), tensor([[ 0.0002,  0.0088, -0.0094,  0.0020, -0.0056, -0.0239,  0.0246, -0.0020,
         -0.0088, -0.0036]], device='cuda:0', grad_fn=<AddmmBackward0>), tensor([[-0.0027,  0.0090, -0.0142,  0.0004, -0.0028, -0.0245,  0.0308, -0.0053,
         -0.0043,  0.0010]], device='cuda:0', grad_fn=<AddmmBackward0>), tensor([[ 4.2470e-05,  3.7597e-03, -1.4900e-02, -8.9338e-04, -4.9519e-03,
         -2.7976e-02,  2.8927e-02,  4.7425e-03, -7.3313e-03, -1.0512e-02]],
       device='cuda:0', grad_fn=<AddmmBackward0>), tensor([[ 0.0030,  0.0145, -0.0126,  0.0021, -0.0070, -0.0229,  0.0351,  0.0005,
         -0.0103, -0.0068]], device='cuda:0', grad_fn=<AddmmBackward0>), tensor([[-0.0062,  0.0121, -0.0171, -0.0003, -0.0093, -0.0267,  0.0327,  0.0009,
         -0.0027, -0.0069]], device='cuda:0', grad_fn=<AddmmBackward0>), tensor([[-0.0020,  0.0085, -0.0122, -0.0019, -0.0071, -0.0260,  0.0241, -0.0014,
         -0.0054, -0.0006]], device='cuda:0', grad_fn=<AddmmBackward0>), tensor([[-0.0007,  0.0114, -0.0152, -0.0065, -0.0054, -0.0322,  0.0322, -0.0026,
         -0.0069, -0.0034]], device='cuda:0', grad_fn=<AddmmBackward0>), tensor([[ 0.0006,  0.0113, -0.0146, -0.0014, -0.0050, -0.0292,  0.0291, -0.0012,
         -0.0067, -0.0083]], device='cuda:0', grad_fn=<AddmmBackward0>), tensor([[ 0.0001,  0.0128, -0.0207, -0.0023, -0.0059, -0.0198,  0.0304,  0.0032,
         -0.0120, -0.0011]], device='cuda:0', grad_fn=<AddmmBackward0>), tensor([[-0.0034,  0.0096, -0.0141,  0.0039, -0.0035, -0.0315,  0.0253, -0.0026,
         -0.0042, -0.0002]], device='cuda:0', grad_fn=<AddmmBackward0>), tensor([[-0.0023,  0.0013, -0.0158,  0.0011, -0.0071, -0.0305,  0.0297, -0.0004,
         -0.0044, -0.0051]], device='cuda:0', grad_fn=<AddmmBackward0>), tensor([[ 3.7219e-04,  1.0505e-02, -1.2889e-02, -1.5413e-05, -8.3951e-03,
         -2.8433e-02,  3.1326e-02,  2.5906e-04, -7.7353e-03, -1.7725e-03]],
       device='cuda:0', grad_fn=<AddmmBackward0>), tensor([[ 0.0036,  0.0108, -0.0149,  0.0035, -0.0077, -0.0224,  0.0339, -0.0013,
         -0.0131, -0.0032]], device='cuda:0', grad_fn=<AddmmBackward0>), tensor([[ 6.9534e-05,  1.3211e-02, -1.4640e-02, -1.2225e-03, -6.3099e-03,
         -2.8371e-02,  2.7651e-02,  2.9640e-03, -4.5036e-03, -3.6781e-03]],
       device='cuda:0', grad_fn=<AddmmBackward0>), tensor([[-0.0036,  0.0114, -0.0062, -0.0021, -0.0114, -0.0305,  0.0320,  0.0004,
         -0.0070, -0.0049]], device='cuda:0', grad_fn=<AddmmBackward0>), tensor([[-2.5627e-03,  1.3662e-02, -6.1888e-03, -5.4772e-03, -6.0930e-05,
         -2.4450e-02,  3.2127e-02, -3.7782e-03, -1.0753e-02, -2.2901e-03]],
       device='cuda:0', grad_fn=<AddmmBackward0>), tensor([[ 0.0013,  0.0060, -0.0164, -0.0016, -0.0042, -0.0267,  0.0300, -0.0036,
         -0.0080, -0.0061]], device='cuda:0', grad_fn=<AddmmBackward0>), tensor([[-0.0036,  0.0086, -0.0155,  0.0036, -0.0059, -0.0271,  0.0332, -0.0081,
         -0.0043,  0.0017]], device='cuda:0', grad_fn=<AddmmBackward0>), tensor([[ 0.0027,  0.0150, -0.0103,  0.0074, -0.0039, -0.0209,  0.0261, -0.0037,
         -0.0047, -0.0058]], device='cuda:0', grad_fn=<AddmmBackward0>), tensor([[-0.0007,  0.0116, -0.0037, -0.0061, -0.0117, -0.0326,  0.0290, -0.0012,
         -0.0032, -0.0017]], device='cuda:0', grad_fn=<AddmmBackward0>), tensor([[-0.0022,  0.0063, -0.0134, -0.0037, -0.0059, -0.0258,  0.0313, -0.0026,
         -0.0008, -0.0041]], device='cuda:0', grad_fn=<AddmmBackward0>), tensor([[-0.0006,  0.0128, -0.0144,  0.0033, -0.0066, -0.0282,  0.0383, -0.0035,
         -0.0038, -0.0093]], device='cuda:0', grad_fn=<AddmmBackward0>), tensor([[-0.0055,  0.0115, -0.0151, -0.0005, -0.0040, -0.0266,  0.0288, -0.0009,
         -0.0024, -0.0029]], device='cuda:0', grad_fn=<AddmmBackward0>), tensor([[-0.0026,  0.0111, -0.0173,  0.0008, -0.0029, -0.0304,  0.0296,  0.0037,
         -0.0039, -0.0033]], device='cuda:0', grad_fn=<AddmmBackward0>), tensor([[-0.0056,  0.0062, -0.0072,  0.0006, -0.0037, -0.0222,  0.0355, -0.0031,
         -0.0036, -0.0027]], device='cuda:0', grad_fn=<AddmmBackward0>), tensor([[-7.3311e-03,  7.6575e-03, -1.5313e-02,  4.0413e-03, -7.9646e-03,
         -2.2831e-02,  3.4983e-02, -3.6465e-03, -6.0877e-03,  3.6532e-05]],
       device='cuda:0', grad_fn=<AddmmBackward0>), tensor([[-0.0013,  0.0103, -0.0189,  0.0033, -0.0075, -0.0252,  0.0334, -0.0029,
          0.0002, -0.0041]], device='cuda:0', grad_fn=<AddmmBackward0>), tensor([[-0.0091,  0.0148, -0.0146,  0.0025, -0.0043, -0.0249,  0.0247,  0.0024,
         -0.0052, -0.0090]], device='cuda:0', grad_fn=<AddmmBackward0>), tensor([[-0.0049,  0.0059, -0.0123, -0.0017, -0.0023, -0.0222,  0.0290, -0.0002,
         -0.0029, -0.0090]], device='cuda:0', grad_fn=<AddmmBackward0>), tensor([[-0.0006,  0.0048, -0.0134, -0.0006, -0.0115, -0.0309,  0.0333,  0.0016,
         -0.0115, -0.0013]], device='cuda:0', grad_fn=<AddmmBackward0>), tensor([[-0.0025,  0.0046, -0.0183, -0.0035, -0.0096, -0.0243,  0.0306,  0.0024,
         -0.0067, -0.0062]], device='cuda:0', grad_fn=<AddmmBackward0>), tensor([[ 0.0011,  0.0098, -0.0103,  0.0016, -0.0070, -0.0305,  0.0327,  0.0008,
         -0.0090, -0.0044]], device='cuda:0', grad_fn=<AddmmBackward0>), tensor([[ 0.0002,  0.0078, -0.0157,  0.0018, -0.0034, -0.0255,  0.0272,  0.0007,
         -0.0062, -0.0044]], device='cuda:0', grad_fn=<AddmmBackward0>), tensor([[-0.0052,  0.0107, -0.0116, -0.0013, -0.0001, -0.0289,  0.0294,  0.0006,
         -0.0100,  0.0018]], device='cuda:0', grad_fn=<AddmmBackward0>), tensor([[-0.0104,  0.0109, -0.0121,  0.0084, -0.0057, -0.0255,  0.0310, -0.0075,
         -0.0074, -0.0094]], device='cuda:0', grad_fn=<AddmmBackward0>), tensor([[-0.0023,  0.0061, -0.0132,  0.0035, -0.0044, -0.0336,  0.0364, -0.0034,
         -0.0090, -0.0036]], device='cuda:0', grad_fn=<AddmmBackward0>), tensor([[-0.0030,  0.0111, -0.0206,  0.0002, -0.0062, -0.0230,  0.0312, -0.0037,
         -0.0128, -0.0073]], device='cuda:0', grad_fn=<AddmmBackward0>), tensor([[ 0.0016,  0.0086, -0.0206,  0.0002, -0.0016, -0.0288,  0.0296, -0.0010,
         -0.0108, -0.0053]], device='cuda:0', grad_fn=<AddmmBackward0>), tensor([[ 0.0024,  0.0118, -0.0150,  0.0003, -0.0086, -0.0297,  0.0349,  0.0017,
         -0.0073, -0.0067]], device='cuda:0', grad_fn=<AddmmBackward0>), tensor([[-0.0068,  0.0060, -0.0168,  0.0017, -0.0071, -0.0185,  0.0316, -0.0028,
         -0.0034, -0.0059]], device='cuda:0', grad_fn=<AddmmBackward0>), tensor([[ 0.0008,  0.0172, -0.0164,  0.0030, -0.0095, -0.0293,  0.0325, -0.0080,
         -0.0048, -0.0045]], device='cuda:0', grad_fn=<AddmmBackward0>), tensor([[-0.0031,  0.0087, -0.0117, -0.0008, -0.0079, -0.0239,  0.0300,  0.0013,
         -0.0082, -0.0039]], device='cuda:0', grad_fn=<AddmmBackward0>), tensor([[-0.0018,  0.0064, -0.0169, -0.0035, -0.0065, -0.0287,  0.0266, -0.0062,
         -0.0024, -0.0052]], device='cuda:0', grad_fn=<AddmmBackward0>), tensor([[-0.0080,  0.0110, -0.0168, -0.0001, -0.0045, -0.0272,  0.0289,  0.0005,
         -0.0062, -0.0042]], device='cuda:0', grad_fn=<AddmmBackward0>), tensor([[-0.0074,  0.0159, -0.0177, -0.0018, -0.0061, -0.0255,  0.0295, -0.0033,
         -0.0066,  0.0027]], device='cuda:0', grad_fn=<AddmmBackward0>), tensor([[-0.0060,  0.0061, -0.0124, -0.0033, -0.0043, -0.0284,  0.0201, -0.0011,
         -0.0096, -0.0013]], device='cuda:0', grad_fn=<AddmmBackward0>), tensor([[-0.0034,  0.0068, -0.0103,  0.0020, -0.0083, -0.0298,  0.0270,  0.0032,
         -0.0049, -0.0047]], device='cuda:0', grad_fn=<AddmmBackward0>), tensor([[ 0.0010,  0.0055, -0.0213, -0.0008, -0.0079, -0.0266,  0.0313, -0.0068,
         -0.0089, -0.0040]], device='cuda:0', grad_fn=<AddmmBackward0>), tensor([[-0.0048,  0.0106, -0.0191,  0.0012, -0.0032, -0.0278,  0.0400,  0.0006,
         -0.0049, -0.0063]], device='cuda:0', grad_fn=<AddmmBackward0>), tensor([[-0.0039,  0.0039, -0.0086, -0.0002, -0.0055, -0.0191,  0.0307,  0.0042,
         -0.0057, -0.0012]], device='cuda:0', grad_fn=<AddmmBackward0>), tensor([[-0.0024,  0.0092, -0.0141,  0.0012, -0.0124, -0.0305,  0.0298, -0.0005,
         -0.0044,  0.0003]], device='cuda:0', grad_fn=<AddmmBackward0>), tensor([[-0.0039,  0.0147, -0.0141, -0.0051, -0.0048, -0.0303,  0.0276,  0.0013,
         -0.0031, -0.0002]], device='cuda:0', grad_fn=<AddmmBackward0>), tensor([[-0.0021,  0.0069, -0.0092, -0.0035, -0.0090, -0.0224,  0.0299, -0.0071,
         -0.0081, -0.0046]], device='cuda:0', grad_fn=<AddmmBackward0>), tensor([[-0.0043,  0.0095, -0.0241,  0.0038,  0.0020, -0.0298,  0.0348,  0.0001,
         -0.0091, -0.0067]], device='cuda:0', grad_fn=<AddmmBackward0>), tensor([[-0.0037,  0.0113, -0.0159,  0.0014,  0.0023, -0.0301,  0.0281,  0.0032,
         -0.0057, -0.0029]], device='cuda:0', grad_fn=<AddmmBackward0>), tensor([[-0.0016,  0.0082, -0.0134,  0.0020, -0.0068, -0.0248,  0.0319, -0.0031,
         -0.0086, -0.0046]], device='cuda:0', grad_fn=<AddmmBackward0>), tensor([[-0.0054,  0.0062, -0.0150, -0.0007, -0.0101, -0.0296,  0.0265, -0.0018,
         -0.0082, -0.0036]], device='cuda:0', grad_fn=<AddmmBackward0>), tensor([[-2.0390e-03,  9.2381e-03, -1.7768e-02,  3.3893e-03, -3.3525e-05,
         -2.5897e-02,  2.3469e-02,  2.3352e-03, -3.3532e-03, -1.0539e-02]],
       device='cuda:0', grad_fn=<AddmmBackward0>), tensor([[-0.0006,  0.0141, -0.0164, -0.0042, -0.0050, -0.0245,  0.0325,  0.0027,
         -0.0081,  0.0001]], device='cuda:0', grad_fn=<AddmmBackward0>), tensor([[-0.0001,  0.0067, -0.0149, -0.0019, -0.0041, -0.0259,  0.0333, -0.0013,
         -0.0115, -0.0006]], device='cuda:0', grad_fn=<AddmmBackward0>), tensor([[ 0.0067,  0.0097, -0.0138,  0.0014,  0.0005, -0.0298,  0.0362, -0.0024,
         -0.0091, -0.0030]], device='cuda:0', grad_fn=<AddmmBackward0>), tensor([[ 0.0082,  0.0080, -0.0144, -0.0005, -0.0081, -0.0277,  0.0326, -0.0061,
         -0.0048, -0.0026]], device='cuda:0', grad_fn=<AddmmBackward0>), tensor([[-0.0037,  0.0119, -0.0147, -0.0029, -0.0040, -0.0298,  0.0229, -0.0013,
         -0.0043, -0.0052]], device='cuda:0', grad_fn=<AddmmBackward0>), tensor([[-0.0035,  0.0024, -0.0102,  0.0021, -0.0045, -0.0273,  0.0341,  0.0048,
         -0.0116,  0.0008]], device='cuda:0', grad_fn=<AddmmBackward0>), tensor([[-0.0133,  0.0148, -0.0130,  0.0022, -0.0008, -0.0241,  0.0314, -0.0037,
         -0.0064, -0.0013]], device='cuda:0', grad_fn=<AddmmBackward0>), tensor([[-0.0025,  0.0096, -0.0123,  0.0072, -0.0049, -0.0251,  0.0283, -0.0030,
         -0.0039,  0.0012]], device='cuda:0', grad_fn=<AddmmBackward0>), tensor([[-0.0049,  0.0103, -0.0108,  0.0052, -0.0066, -0.0255,  0.0364,  0.0050,
         -0.0055, -0.0064]], device='cuda:0', grad_fn=<AddmmBackward0>), tensor([[ 0.0012,  0.0073, -0.0179, -0.0018, -0.0045, -0.0217,  0.0302, -0.0081,
         -0.0036,  0.0002]], device='cuda:0', grad_fn=<AddmmBackward0>)]
100
[tensor(0, device='cuda:0'), tensor(0, device='cuda:0'), tensor(0, device='cuda:0'), tensor(0, device='cuda:0'), tensor(0, device='cuda:0'), tensor(0, device='cuda:0'), tensor(0, device='cuda:0'), tensor(0, device='cuda:0'), tensor(0, device='cuda:0'), tensor(0, device='cuda:0'), tensor(1, device='cuda:0'), tensor(1, device='cuda:0'), tensor(1, device='cuda:0'), tensor(1, device='cuda:0'), tensor(1, device='cuda:0'), tensor(1, device='cuda:0'), tensor(1, device='cuda:0'), tensor(1, device='cuda:0'), tensor(1, device='cuda:0'), tensor(1, device='cuda:0'), tensor(2, device='cuda:0'), tensor(2, device='cuda:0'), tensor(2, device='cuda:0'), tensor(2, device='cuda:0'), tensor(2, device='cuda:0'), tensor(2, device='cuda:0'), tensor(2, device='cuda:0'), tensor(2, device='cuda:0'), tensor(2, device='cuda:0'), tensor(2, device='cuda:0'), tensor(3, device='cuda:0'), tensor(3, device='cuda:0'), tensor(3, device='cuda:0'), tensor(3, device='cuda:0'), tensor(3, device='cuda:0'), tensor(3, device='cuda:0'), tensor(3, device='cuda:0'), tensor(3, device='cuda:0'), tensor(3, device='cuda:0'), tensor(3, device='cuda:0'), tensor(4, device='cuda:0'), tensor(4, device='cuda:0'), tensor(4, device='cuda:0'), tensor(4, device='cuda:0'), tensor(4, device='cuda:0'), tensor(4, device='cuda:0'), tensor(4, device='cuda:0'), tensor(4, device='cuda:0'), tensor(4, device='cuda:0'), tensor(4, device='cuda:0'), tensor(5, device='cuda:0'), tensor(5, device='cuda:0'), tensor(5, device='cuda:0'), tensor(5, device='cuda:0'), tensor(5, device='cuda:0'), tensor(5, device='cuda:0'), tensor(5, device='cuda:0'), tensor(5, device='cuda:0'), tensor(5, device='cuda:0'), tensor(5, device='cuda:0'), tensor(6, device='cuda:0'), tensor(6, device='cuda:0'), tensor(6, device='cuda:0'), tensor(6, device='cuda:0'), tensor(6, device='cuda:0'), tensor(6, device='cuda:0'), tensor(6, device='cuda:0'), tensor(6, device='cuda:0'), tensor(6, device='cuda:0'), tensor(6, device='cuda:0'), tensor(7, device='cuda:0'), tensor(7, device='cuda:0'), tensor(7, device='cuda:0'), tensor(7, device='cuda:0'), tensor(7, device='cuda:0'), tensor(7, device='cuda:0'), tensor(7, device='cuda:0'), tensor(7, device='cuda:0'), tensor(7, device='cuda:0'), tensor(7, device='cuda:0'), tensor(8, device='cuda:0'), tensor(8, device='cuda:0'), tensor(8, device='cuda:0'), tensor(8, device='cuda:0'), tensor(8, device='cuda:0'), tensor(8, device='cuda:0'), tensor(8, device='cuda:0'), tensor(8, device='cuda:0'), tensor(8, device='cuda:0'), tensor(8, device='cuda:0'), tensor(9, device='cuda:0'), tensor(9, device='cuda:0'), tensor(9, device='cuda:0'), tensor(9, device='cuda:0'), tensor(9, device='cuda:0'), tensor(9, device='cuda:0'), tensor(9, device='cuda:0'), tensor(9, device='cuda:0'), tensor(9, device='cuda:0'), tensor(9, device='cuda:0')]
100
Traceback (most recent call last):
  File "main.py", line 264, in <module>
    main()
  File "main.py", line 226, in main
    lda_loss = LDALoss(lda_X, lda_Y)
  File "/data/happythgus/newLDA/DC/utils.py", line 65, in LDALoss
    
IndexError: index 1 is out of bounds for dimension 0 with size 1
