/data/happythgus/newLDA/DC
/data/opt/anaconda3/envs/pytorch1.12.1_p38/bin/python
moana-r4
main.py:95: DeprecationWarning: an integer is required (got type numpy.float64).  Implicit conversion to integers using __int__ is deprecated, and may be removed in a future version of Python.
  label_syn = torch.tensor([np.ones(args.ipc)*i for i in range(num_classes)], dtype=torch.long, requires_grad=False, device=args.device).view(-1) # [0,0,0, 1,1,1, ..., 9,9,9]
main.py:95: UserWarning: Creating a tensor from a list of numpy.ndarrays is extremely slow. Please consider converting the list to a single numpy.ndarray with numpy.array() before converting to a tensor. (Triggered internally at  /opt/conda/conda-bld/pytorch_1659484810403/work/torch/csrc/utils/tensor_new.cpp:201.)
  label_syn = torch.tensor([np.ones(args.ipc)*i for i in range(num_classes)], dtype=torch.long, requires_grad=False, device=args.device).view(-1) # [0,0,0, 1,1,1, ..., 9,9,9]
eval_it_pool:  [0, 500, 1000]
Files already downloaded and verified
Files already downloaded and verified

================== Exp 0 ==================
 
Hyper-parameters: 
 {'method': 'DC', 'dataset': 'CIFAR10', 'model': 'ConvNet', 'ipc': 10, 'eval_mode': 'S', 'num_exp': 1, 'num_eval': 20, 'epoch_eval_train': 300, 'Iteration': 1000, 'lr_img': 0.1, 'lr_net': 0.01, 'batch_real': 256, 'batch_train': 256, 'init': 'noise', 'dsa_strategy': 'None', 'data_path': 'data', 'save_path': 'result', 'dis_metric': 'ours', 'outer_loop': 10, 'inner_loop': 50, 'device': 'cuda', 'dsa_param': <utils.ParamDiffAug object at 0x7f0c1cb3ccd0>, 'dsa': False}
Evaluation model pool:  ['ConvNet']
class c = 0: 5000 real images
class c = 1: 5000 real images
class c = 2: 5000 real images
class c = 3: 5000 real images
class c = 4: 5000 real images
class c = 5: 5000 real images
class c = 6: 5000 real images
class c = 7: 5000 real images
class c = 8: 5000 real images
class c = 9: 5000 real images
real images channel 0, mean = -0.0000, std = 1.2211
real images channel 1, mean = -0.0002, std = 1.2211
real images channel 2, mean = 0.0002, std = 1.3014
initialize synthetic data from random noise
[2023-10-28 23:40:18] training begins
-------------------------
Evaluation
model_train = ConvNet, model_eval = ConvNet, iteration = 0
DC augmentation parameters: 
 {'crop': 4, 'scale': 0.2, 'rotate': 45, 'noise': 0.001, 'strategy': 'none'}
[2023-10-28 23:40:34] Evaluate_00: epoch = 0300 train time = 14 s train loss = 0.003552 train acc = 1.0000, test acc = 0.0819
[2023-10-28 23:40:37] Evaluate_01: epoch = 0300 train time = 1 s train loss = 0.003689 train acc = 1.0000, test acc = 0.0969
[2023-10-28 23:40:40] Evaluate_02: epoch = 0300 train time = 1 s train loss = 0.003655 train acc = 1.0000, test acc = 0.0724
[2023-10-28 23:40:43] Evaluate_03: epoch = 0300 train time = 1 s train loss = 0.003594 train acc = 1.0000, test acc = 0.0773
[2023-10-28 23:40:46] Evaluate_04: epoch = 0300 train time = 1 s train loss = 0.003677 train acc = 1.0000, test acc = 0.0866
[2023-10-28 23:40:50] Evaluate_05: epoch = 0300 train time = 1 s train loss = 0.003753 train acc = 1.0000, test acc = 0.0811
[2023-10-28 23:40:53] Evaluate_06: epoch = 0300 train time = 1 s train loss = 0.003678 train acc = 1.0000, test acc = 0.1009
[2023-10-28 23:40:56] Evaluate_07: epoch = 0300 train time = 1 s train loss = 0.003690 train acc = 1.0000, test acc = 0.0749
[2023-10-28 23:40:59] Evaluate_08: epoch = 0300 train time = 1 s train loss = 0.003723 train acc = 1.0000, test acc = 0.1068
[2023-10-28 23:41:02] Evaluate_09: epoch = 0300 train time = 1 s train loss = 0.003771 train acc = 1.0000, test acc = 0.0746
[2023-10-28 23:41:05] Evaluate_10: epoch = 0300 train time = 1 s train loss = 0.003689 train acc = 1.0000, test acc = 0.0860
[2023-10-28 23:41:08] Evaluate_11: epoch = 0300 train time = 1 s train loss = 0.003667 train acc = 1.0000, test acc = 0.0899
[2023-10-28 23:41:11] Evaluate_12: epoch = 0300 train time = 1 s train loss = 0.003680 train acc = 1.0000, test acc = 0.0878
[2023-10-28 23:41:15] Evaluate_13: epoch = 0300 train time = 1 s train loss = 0.003768 train acc = 1.0000, test acc = 0.0866
[2023-10-28 23:41:18] Evaluate_14: epoch = 0300 train time = 1 s train loss = 0.003549 train acc = 1.0000, test acc = 0.0895
[2023-10-28 23:41:21] Evaluate_15: epoch = 0300 train time = 1 s train loss = 0.003631 train acc = 1.0000, test acc = 0.1007
[2023-10-28 23:41:24] Evaluate_16: epoch = 0300 train time = 1 s train loss = 0.003521 train acc = 1.0000, test acc = 0.0855
[2023-10-28 23:41:27] Evaluate_17: epoch = 0300 train time = 1 s train loss = 0.003695 train acc = 1.0000, test acc = 0.0844
[2023-10-28 23:41:30] Evaluate_18: epoch = 0300 train time = 1 s train loss = 0.003760 train acc = 1.0000, test acc = 0.0885
[2023-10-28 23:41:33] Evaluate_19: epoch = 0300 train time = 1 s train loss = 0.003669 train acc = 1.0000, test acc = 0.0934
Evaluate 20 random ConvNet, mean = 0.0873 std = 0.0090
-------------------------
[2023-10-28 23:41:38] iter = 0000, loss = 254.7764
[2023-10-28 23:42:23] iter = 0010, loss = 211.0290
[2023-10-28 23:43:07] iter = 0020, loss = 196.4937
[2023-10-28 23:43:51] iter = 0030, loss = 167.4798
[2023-10-28 23:44:35] iter = 0040, loss = 158.2184
[2023-10-28 23:45:19] iter = 0050, loss = 141.7557
[2023-10-28 23:46:03] iter = 0060, loss = 124.7200
[2023-10-28 23:46:47] iter = 0070, loss = 120.9292
[2023-10-28 23:47:31] iter = 0080, loss = 114.7218
[2023-10-28 23:48:15] iter = 0090, loss = 103.5188
[2023-10-28 23:48:59] iter = 0100, loss = 102.2750
[2023-10-28 23:49:42] iter = 0110, loss = 92.0432
[2023-10-28 23:50:26] iter = 0120, loss = 96.9481
[2023-10-28 23:51:10] iter = 0130, loss = 83.9184
[2023-10-28 23:51:54] iter = 0140, loss = 85.6145
[2023-10-28 23:52:38] iter = 0150, loss = 82.9873
[2023-10-28 23:53:23] iter = 0160, loss = 79.8123
[2023-10-28 23:54:07] iter = 0170, loss = 81.4144
[2023-10-28 23:54:51] iter = 0180, loss = 75.0898
[2023-10-28 23:55:35] iter = 0190, loss = 77.2195
[2023-10-28 23:56:19] iter = 0200, loss = 77.1182
[2023-10-28 23:57:03] iter = 0210, loss = 70.3826
[2023-10-28 23:57:47] iter = 0220, loss = 70.1422
[2023-10-28 23:58:30] iter = 0230, loss = 72.0690
[2023-10-28 23:59:13] iter = 0240, loss = 69.1745
[2023-10-28 23:59:56] iter = 0250, loss = 70.5960
[2023-10-29 00:00:40] iter = 0260, loss = 67.5214
[2023-10-29 00:01:24] iter = 0270, loss = 66.7757
[2023-10-29 00:02:08] iter = 0280, loss = 64.1909
[2023-10-29 00:02:52] iter = 0290, loss = 63.8661
[2023-10-29 00:03:36] iter = 0300, loss = 59.5710
[2023-10-29 00:04:20] iter = 0310, loss = 63.4511
[2023-10-29 00:05:04] iter = 0320, loss = 63.5635
[2023-10-29 00:05:48] iter = 0330, loss = 62.0302
[2023-10-29 00:06:32] iter = 0340, loss = 60.1845
[2023-10-29 00:07:16] iter = 0350, loss = 61.1167
[2023-10-29 00:07:58] iter = 0360, loss = 61.7165
[2023-10-29 00:08:42] iter = 0370, loss = 58.4276
[2023-10-29 00:09:26] iter = 0380, loss = 59.4125
[2023-10-29 00:10:10] iter = 0390, loss = 58.2859
[2023-10-29 00:10:55] iter = 0400, loss = 58.6594
[2023-10-29 00:11:39] iter = 0410, loss = 61.6159
[2023-10-29 00:12:23] iter = 0420, loss = 58.3147
[2023-10-29 00:13:07] iter = 0430, loss = 58.5218
[2023-10-29 00:13:51] iter = 0440, loss = 57.9453
[2023-10-29 00:14:35] iter = 0450, loss = 58.7492
[2023-10-29 00:15:19] iter = 0460, loss = 55.3978
[2023-10-29 00:16:03] iter = 0470, loss = 59.2921
[2023-10-29 00:16:47] iter = 0480, loss = 60.2539
[2023-10-29 00:17:31] iter = 0490, loss = 54.6501
-------------------------
Evaluation
model_train = ConvNet, model_eval = ConvNet, iteration = 500
DC augmentation parameters: 
 {'crop': 4, 'scale': 0.2, 'rotate': 45, 'noise': 0.001, 'strategy': 'none'}
[2023-10-29 00:18:14] Evaluate_00: epoch = 0300 train time = 1 s train loss = 0.009117 train acc = 1.0000, test acc = 0.4146
[2023-10-29 00:18:17] Evaluate_01: epoch = 0300 train time = 1 s train loss = 0.008991 train acc = 1.0000, test acc = 0.4043
[2023-10-29 00:18:20] Evaluate_02: epoch = 0300 train time = 1 s train loss = 0.008667 train acc = 1.0000, test acc = 0.3947
[2023-10-29 00:18:23] Evaluate_03: epoch = 0300 train time = 1 s train loss = 0.009037 train acc = 1.0000, test acc = 0.4153
[2023-10-29 00:18:26] Evaluate_04: epoch = 0300 train time = 1 s train loss = 0.008658 train acc = 1.0000, test acc = 0.4176
[2023-10-29 00:18:30] Evaluate_05: epoch = 0300 train time = 1 s train loss = 0.009309 train acc = 1.0000, test acc = 0.4064
[2023-10-29 00:18:33] Evaluate_06: epoch = 0300 train time = 1 s train loss = 0.009295 train acc = 1.0000, test acc = 0.4145
[2023-10-29 00:18:36] Evaluate_07: epoch = 0300 train time = 1 s train loss = 0.008953 train acc = 1.0000, test acc = 0.4011
[2023-10-29 00:18:39] Evaluate_08: epoch = 0300 train time = 1 s train loss = 0.009027 train acc = 1.0000, test acc = 0.3985
[2023-10-29 00:18:42] Evaluate_09: epoch = 0300 train time = 1 s train loss = 0.008706 train acc = 1.0000, test acc = 0.4019
[2023-10-29 00:18:45] Evaluate_10: epoch = 0300 train time = 1 s train loss = 0.008678 train acc = 1.0000, test acc = 0.3975
[2023-10-29 00:18:48] Evaluate_11: epoch = 0300 train time = 1 s train loss = 0.009238 train acc = 1.0000, test acc = 0.3958
[2023-10-29 00:18:51] Evaluate_12: epoch = 0300 train time = 1 s train loss = 0.008994 train acc = 1.0000, test acc = 0.3974
[2023-10-29 00:18:54] Evaluate_13: epoch = 0300 train time = 1 s train loss = 0.008876 train acc = 1.0000, test acc = 0.3992
[2023-10-29 00:18:58] Evaluate_14: epoch = 0300 train time = 1 s train loss = 0.009217 train acc = 1.0000, test acc = 0.4032
[2023-10-29 00:19:01] Evaluate_15: epoch = 0300 train time = 1 s train loss = 0.008957 train acc = 1.0000, test acc = 0.4013
[2023-10-29 00:19:04] Evaluate_16: epoch = 0300 train time = 1 s train loss = 0.009004 train acc = 1.0000, test acc = 0.4122
[2023-10-29 00:19:07] Evaluate_17: epoch = 0300 train time = 1 s train loss = 0.009578 train acc = 1.0000, test acc = 0.3914
[2023-10-29 00:19:10] Evaluate_18: epoch = 0300 train time = 1 s train loss = 0.008959 train acc = 1.0000, test acc = 0.3898
[2023-10-29 00:19:13] Evaluate_19: epoch = 0300 train time = 1 s train loss = 0.009646 train acc = 1.0000, test acc = 0.4038
Evaluate 20 random ConvNet, mean = 0.4030 std = 0.0079
-------------------------
[2023-10-29 00:19:18] iter = 0500, loss = 60.1081
[2023-10-29 00:20:02] iter = 0510, loss = 56.9679
[2023-10-29 00:20:46] iter = 0520, loss = 57.2795
[2023-10-29 00:21:30] iter = 0530, loss = 54.0851
[2023-10-29 00:22:14] iter = 0540, loss = 54.4312
[2023-10-29 00:22:57] iter = 0550, loss = 57.6456
[2023-10-29 00:23:41] iter = 0560, loss = 53.3220
[2023-10-29 00:24:25] iter = 0570, loss = 55.9884
[2023-10-29 00:25:09] iter = 0580, loss = 52.8874
[2023-10-29 00:25:54] iter = 0590, loss = 56.5799
[2023-10-29 00:26:38] iter = 0600, loss = 56.3553
[2023-10-29 00:27:22] iter = 0610, loss = 51.5762
[2023-10-29 00:28:06] iter = 0620, loss = 54.5963
[2023-10-29 00:28:50] iter = 0630, loss = 50.7790
[2023-10-29 00:29:34] iter = 0640, loss = 54.6144
[2023-10-29 00:30:19] iter = 0650, loss = 50.4465
[2023-10-29 00:31:02] iter = 0660, loss = 53.6313
[2023-10-29 00:31:46] iter = 0670, loss = 53.9502
[2023-10-29 00:32:30] iter = 0680, loss = 53.7617
[2023-10-29 00:33:14] iter = 0690, loss = 54.5337
[2023-10-29 00:33:58] iter = 0700, loss = 52.0851
[2023-10-29 00:34:42] iter = 0710, loss = 51.6239
[2023-10-29 00:35:26] iter = 0720, loss = 53.1530
[2023-10-29 00:36:10] iter = 0730, loss = 50.1277
[2023-10-29 00:36:54] iter = 0740, loss = 52.5715
[2023-10-29 00:37:38] iter = 0750, loss = 54.1869
[2023-10-29 00:38:22] iter = 0760, loss = 50.1733
[2023-10-29 00:39:06] iter = 0770, loss = 53.7370
[2023-10-29 00:39:50] iter = 0780, loss = 54.4278
[2023-10-29 00:40:34] iter = 0790, loss = 50.4369
[2023-10-29 00:41:18] iter = 0800, loss = 54.0510
[2023-10-29 00:42:01] iter = 0810, loss = 54.1258
[2023-10-29 00:42:46] iter = 0820, loss = 51.4596
[2023-10-29 00:43:30] iter = 0830, loss = 50.3718
[2023-10-29 00:44:14] iter = 0840, loss = 50.0557
[2023-10-29 00:44:58] iter = 0850, loss = 51.3566
[2023-10-29 00:45:42] iter = 0860, loss = 51.4844
[2023-10-29 00:46:26] iter = 0870, loss = 49.5069
[2023-10-29 00:47:10] iter = 0880, loss = 50.5104
[2023-10-29 00:47:55] iter = 0890, loss = 50.6667
[2023-10-29 00:48:39] iter = 0900, loss = 49.6705
[2023-10-29 00:49:23] iter = 0910, loss = 52.8320
[2023-10-29 00:50:07] iter = 0920, loss = 51.1337
[2023-10-29 00:50:51] iter = 0930, loss = 50.8392
[2023-10-29 00:51:35] iter = 0940, loss = 53.3275
[2023-10-29 00:52:19] iter = 0950, loss = 52.9760
[2023-10-29 00:53:04] iter = 0960, loss = 50.5822
[2023-10-29 00:53:48] iter = 0970, loss = 49.1561
[2023-10-29 00:54:32] iter = 0980, loss = 50.1262
[2023-10-29 00:55:16] iter = 0990, loss = 51.4340
-------------------------
Evaluation
model_train = ConvNet, model_eval = ConvNet, iteration = 1000
DC augmentation parameters: 
 {'crop': 4, 'scale': 0.2, 'rotate': 45, 'noise': 0.001, 'strategy': 'none'}
[2023-10-29 00:55:59] Evaluate_00: epoch = 0300 train time = 1 s train loss = 0.008900 train acc = 1.0000, test acc = 0.4124
[2023-10-29 00:56:02] Evaluate_01: epoch = 0300 train time = 1 s train loss = 0.009302 train acc = 1.0000, test acc = 0.4097
[2023-10-29 00:56:05] Evaluate_02: epoch = 0300 train time = 1 s train loss = 0.008700 train acc = 1.0000, test acc = 0.4038
[2023-10-29 00:56:08] Evaluate_03: epoch = 0300 train time = 1 s train loss = 0.008653 train acc = 1.0000, test acc = 0.4224
[2023-10-29 00:56:11] Evaluate_04: epoch = 0300 train time = 1 s train loss = 0.008846 train acc = 1.0000, test acc = 0.4276
[2023-10-29 00:56:14] Evaluate_05: epoch = 0300 train time = 1 s train loss = 0.008588 train acc = 1.0000, test acc = 0.4183
[2023-10-29 00:56:18] Evaluate_06: epoch = 0300 train time = 1 s train loss = 0.008521 train acc = 1.0000, test acc = 0.4163
[2023-10-29 00:56:21] Evaluate_07: epoch = 0300 train time = 1 s train loss = 0.008612 train acc = 1.0000, test acc = 0.4141
[2023-10-29 00:56:24] Evaluate_08: epoch = 0300 train time = 1 s train loss = 0.008859 train acc = 1.0000, test acc = 0.4188
[2023-10-29 00:56:27] Evaluate_09: epoch = 0300 train time = 1 s train loss = 0.008970 train acc = 1.0000, test acc = 0.4234
[2023-10-29 00:56:30] Evaluate_10: epoch = 0300 train time = 1 s train loss = 0.009587 train acc = 1.0000, test acc = 0.4016
[2023-10-29 00:56:33] Evaluate_11: epoch = 0300 train time = 1 s train loss = 0.008545 train acc = 1.0000, test acc = 0.4180
[2023-10-29 00:56:36] Evaluate_12: epoch = 0300 train time = 1 s train loss = 0.008796 train acc = 1.0000, test acc = 0.4223
[2023-10-29 00:56:39] Evaluate_13: epoch = 0300 train time = 1 s train loss = 0.008911 train acc = 1.0000, test acc = 0.4167
[2023-10-29 00:56:43] Evaluate_14: epoch = 0300 train time = 1 s train loss = 0.008735 train acc = 1.0000, test acc = 0.4141
[2023-10-29 00:56:46] Evaluate_15: epoch = 0300 train time = 1 s train loss = 0.008692 train acc = 1.0000, test acc = 0.4219
[2023-10-29 00:56:49] Evaluate_16: epoch = 0300 train time = 1 s train loss = 0.009183 train acc = 1.0000, test acc = 0.4184
[2023-10-29 00:56:52] Evaluate_17: epoch = 0300 train time = 1 s train loss = 0.008902 train acc = 1.0000, test acc = 0.4055
[2023-10-29 00:56:55] Evaluate_18: epoch = 0300 train time = 1 s train loss = 0.008766 train acc = 1.0000, test acc = 0.4121
[2023-10-29 00:56:58] Evaluate_19: epoch = 0300 train time = 1 s train loss = 0.008774 train acc = 1.0000, test acc = 0.4132
Evaluate 20 random ConvNet, mean = 0.4155 std = 0.0066
-------------------------
[2023-10-29 00:57:02] iter = 1000, loss = 52.6296

==================== Final Results ====================

Run 1 experiments, train on ConvNet, evaluate 20 random ConvNet, mean  = 41.55%  std = 0.66%
