/data/happythgus/newLDA/DC
/data/opt/anaconda3/envs/pytorch1.12.1_p38/bin/python
moana-r4
main.py:95: DeprecationWarning: an integer is required (got type numpy.float64).  Implicit conversion to integers using __int__ is deprecated, and may be removed in a future version of Python.
  label_syn = torch.tensor([np.ones(args.ipc)*i for i in range(num_classes)], dtype=torch.long, requires_grad=False, device=args.device).view(-1) # [0,0,0, 1,1,1, ..., 9,9,9]
main.py:95: UserWarning: Creating a tensor from a list of numpy.ndarrays is extremely slow. Please consider converting the list to a single numpy.ndarray with numpy.array() before converting to a tensor. (Triggered internally at  /opt/conda/conda-bld/pytorch_1659484810403/work/torch/csrc/utils/tensor_new.cpp:201.)
  label_syn = torch.tensor([np.ones(args.ipc)*i for i in range(num_classes)], dtype=torch.long, requires_grad=False, device=args.device).view(-1) # [0,0,0, 1,1,1, ..., 9,9,9]
eval_it_pool:  [0, 500, 1000]
Files already downloaded and verified
Files already downloaded and verified

================== Exp 0 ==================
 
Hyper-parameters: 
 {'method': 'DC', 'dataset': 'CIFAR10', 'model': 'ConvNet', 'ipc': 10, 'eval_mode': 'S', 'num_exp': 1, 'num_eval': 20, 'epoch_eval_train': 300, 'Iteration': 1000, 'lr_img': 0.1, 'lr_net': 0.01, 'batch_real': 256, 'batch_train': 256, 'init': 'noise', 'dsa_strategy': 'None', 'data_path': 'data', 'save_path': 'result', 'dis_metric': 'ours', 'outer_loop': 10, 'inner_loop': 50, 'device': 'cuda', 'dsa_param': <utils.ParamDiffAug object at 0x7f3f8eb20cd0>, 'dsa': False}
Evaluation model pool:  ['ConvNet']
class c = 0: 5000 real images
class c = 1: 5000 real images
class c = 2: 5000 real images
class c = 3: 5000 real images
class c = 4: 5000 real images
class c = 5: 5000 real images
class c = 6: 5000 real images
class c = 7: 5000 real images
class c = 8: 5000 real images
class c = 9: 5000 real images
real images channel 0, mean = -0.0000, std = 1.2211
real images channel 1, mean = -0.0002, std = 1.2211
real images channel 2, mean = 0.0002, std = 1.3014
initialize synthetic data from random noise
[2023-10-30 19:46:12] training begins
-------------------------
Evaluation
model_train = ConvNet, model_eval = ConvNet, iteration = 0
DC augmentation parameters: 
 {'crop': 4, 'scale': 0.2, 'rotate': 45, 'noise': 0.001, 'strategy': 'none'}
[2023-10-30 19:46:18] Evaluate_00: epoch = 0300 train time = 3 s train loss = 0.003741 train acc = 1.0000, test acc = 0.0740
[2023-10-30 19:46:21] Evaluate_01: epoch = 0300 train time = 1 s train loss = 0.003673 train acc = 1.0000, test acc = 0.0819
[2023-10-30 19:46:24] Evaluate_02: epoch = 0300 train time = 1 s train loss = 0.003634 train acc = 1.0000, test acc = 0.0863
[2023-10-30 19:46:27] Evaluate_03: epoch = 0300 train time = 1 s train loss = 0.003707 train acc = 1.0000, test acc = 0.0803
[2023-10-30 19:46:30] Evaluate_04: epoch = 0300 train time = 1 s train loss = 0.003662 train acc = 1.0000, test acc = 0.0738
[2023-10-30 19:46:33] Evaluate_05: epoch = 0300 train time = 1 s train loss = 0.003702 train acc = 1.0000, test acc = 0.1039
[2023-10-30 19:46:37] Evaluate_06: epoch = 0300 train time = 1 s train loss = 0.003680 train acc = 1.0000, test acc = 0.0917
[2023-10-30 19:46:40] Evaluate_07: epoch = 0300 train time = 1 s train loss = 0.003636 train acc = 1.0000, test acc = 0.0917
[2023-10-30 19:46:43] Evaluate_08: epoch = 0300 train time = 1 s train loss = 0.003659 train acc = 1.0000, test acc = 0.0855
[2023-10-30 19:46:46] Evaluate_09: epoch = 0300 train time = 1 s train loss = 0.003713 train acc = 1.0000, test acc = 0.0881
[2023-10-30 19:46:49] Evaluate_10: epoch = 0300 train time = 1 s train loss = 0.003640 train acc = 1.0000, test acc = 0.0748
[2023-10-30 19:46:52] Evaluate_11: epoch = 0300 train time = 1 s train loss = 0.003664 train acc = 1.0000, test acc = 0.0922
[2023-10-30 19:46:55] Evaluate_12: epoch = 0300 train time = 1 s train loss = 0.003635 train acc = 1.0000, test acc = 0.1038
[2023-10-30 19:46:58] Evaluate_13: epoch = 0300 train time = 1 s train loss = 0.003656 train acc = 1.0000, test acc = 0.0741
[2023-10-30 19:47:01] Evaluate_14: epoch = 0300 train time = 1 s train loss = 0.003765 train acc = 1.0000, test acc = 0.0907
[2023-10-30 19:47:05] Evaluate_15: epoch = 0300 train time = 1 s train loss = 0.003643 train acc = 1.0000, test acc = 0.0801
[2023-10-30 19:47:08] Evaluate_16: epoch = 0300 train time = 1 s train loss = 0.003634 train acc = 1.0000, test acc = 0.0755
[2023-10-30 19:47:11] Evaluate_17: epoch = 0300 train time = 1 s train loss = 0.003649 train acc = 1.0000, test acc = 0.0810
[2023-10-30 19:47:14] Evaluate_18: epoch = 0300 train time = 1 s train loss = 0.003650 train acc = 1.0000, test acc = 0.0729
[2023-10-30 19:47:17] Evaluate_19: epoch = 0300 train time = 1 s train loss = 0.003580 train acc = 1.0000, test acc = 0.0683
Evaluate 20 random ConvNet, mean = 0.0835 std = 0.0098
-------------------------
[2023-10-30 19:47:22] iter = 0000, loss = inf
[2023-10-30 19:48:08] iter = 0010, loss = inf
[2023-10-30 19:48:54] iter = 0020, loss = inf
[2023-10-30 19:49:40] iter = 0030, loss = nan
[2023-10-30 19:50:26] iter = 0040, loss = inf
[2023-10-30 19:51:12] iter = 0050, loss = inf
[2023-10-30 19:51:59] iter = 0060, loss = nan
[2023-10-30 19:52:45] iter = 0070, loss = nan
[2023-10-30 19:53:31] iter = 0080, loss = inf
[2023-10-30 19:54:17] iter = 0090, loss = nan
[2023-10-30 19:55:03] iter = 0100, loss = nan
[2023-10-30 19:55:49] iter = 0110, loss = nan
[2023-10-30 19:56:36] iter = 0120, loss = inf
[2023-10-30 19:57:22] iter = 0130, loss = nan
[2023-10-30 19:58:08] iter = 0140, loss = inf
[2023-10-30 19:58:54] iter = 0150, loss = inf
[2023-10-30 19:59:40] iter = 0160, loss = inf
[2023-10-30 20:00:25] iter = 0170, loss = inf
[2023-10-30 20:01:11] iter = 0180, loss = inf
[2023-10-30 20:01:58] iter = 0190, loss = inf
[2023-10-30 20:02:44] iter = 0200, loss = nan
[2023-10-30 20:03:30] iter = 0210, loss = inf
[2023-10-30 20:04:16] iter = 0220, loss = inf
[2023-10-30 20:05:02] iter = 0230, loss = nan
[2023-10-30 20:05:48] iter = 0240, loss = nan
[2023-10-30 20:06:34] iter = 0250, loss = inf
[2023-10-30 20:07:21] iter = 0260, loss = inf
[2023-10-30 20:08:07] iter = 0270, loss = inf
[2023-10-30 20:08:53] iter = 0280, loss = inf
[2023-10-30 20:09:39] iter = 0290, loss = inf
[2023-10-30 20:10:25] iter = 0300, loss = inf
[2023-10-30 20:11:10] iter = 0310, loss = inf
[2023-10-30 20:11:56] iter = 0320, loss = inf
[2023-10-30 20:12:42] iter = 0330, loss = inf
[2023-10-30 20:13:29] iter = 0340, loss = inf
[2023-10-30 20:14:15] iter = 0350, loss = inf
[2023-10-30 20:15:01] iter = 0360, loss = inf
[2023-10-30 20:15:47] iter = 0370, loss = nan
[2023-10-30 20:16:33] iter = 0380, loss = inf
[2023-10-30 20:17:19] iter = 0390, loss = inf
[2023-10-30 20:18:05] iter = 0400, loss = nan
[2023-10-30 20:18:52] iter = 0410, loss = inf
[2023-10-30 20:19:38] iter = 0420, loss = inf
[2023-10-30 20:20:24] iter = 0430, loss = inf
[2023-10-30 20:21:10] iter = 0440, loss = inf
[2023-10-30 20:21:56] iter = 0450, loss = inf
[2023-10-30 20:22:42] iter = 0460, loss = inf
[2023-10-30 20:23:28] iter = 0470, loss = inf
[2023-10-30 20:24:15] iter = 0480, loss = nan
[2023-10-30 20:25:01] iter = 0490, loss = inf
-------------------------
Evaluation
model_train = ConvNet, model_eval = ConvNet, iteration = 500
DC augmentation parameters: 
 {'crop': 4, 'scale': 0.2, 'rotate': 45, 'noise': 0.001, 'strategy': 'none'}
[2023-10-30 20:25:45] Evaluate_00: epoch = 0300 train time = 1 s train loss = 0.008525 train acc = 1.0000, test acc = 0.3969
[2023-10-30 20:25:49] Evaluate_01: epoch = 0300 train time = 1 s train loss = 0.008795 train acc = 1.0000, test acc = 0.3948
[2023-10-30 20:25:52] Evaluate_02: epoch = 0300 train time = 1 s train loss = 0.008638 train acc = 1.0000, test acc = 0.4073
[2023-10-30 20:25:55] Evaluate_03: epoch = 0300 train time = 1 s train loss = 0.008724 train acc = 1.0000, test acc = 0.3988
[2023-10-30 20:25:58] Evaluate_04: epoch = 0300 train time = 1 s train loss = 0.008663 train acc = 1.0000, test acc = 0.4039
[2023-10-30 20:26:01] Evaluate_05: epoch = 0300 train time = 1 s train loss = 0.008343 train acc = 1.0000, test acc = 0.3986
[2023-10-30 20:26:04] Evaluate_06: epoch = 0300 train time = 1 s train loss = 0.008682 train acc = 1.0000, test acc = 0.4089
[2023-10-30 20:26:08] Evaluate_07: epoch = 0300 train time = 1 s train loss = 0.008560 train acc = 1.0000, test acc = 0.4063
[2023-10-30 20:26:11] Evaluate_08: epoch = 0300 train time = 1 s train loss = 0.008841 train acc = 1.0000, test acc = 0.4146
[2023-10-30 20:26:14] Evaluate_09: epoch = 0300 train time = 1 s train loss = 0.008652 train acc = 1.0000, test acc = 0.4005
[2023-10-30 20:26:17] Evaluate_10: epoch = 0300 train time = 1 s train loss = 0.009077 train acc = 1.0000, test acc = 0.3998
[2023-10-30 20:26:20] Evaluate_11: epoch = 0300 train time = 1 s train loss = 0.007974 train acc = 1.0000, test acc = 0.4187
[2023-10-30 20:26:23] Evaluate_12: epoch = 0300 train time = 1 s train loss = 0.008659 train acc = 1.0000, test acc = 0.4112
[2023-10-30 20:26:26] Evaluate_13: epoch = 0300 train time = 1 s train loss = 0.008849 train acc = 1.0000, test acc = 0.4077
[2023-10-30 20:26:30] Evaluate_14: epoch = 0300 train time = 1 s train loss = 0.008698 train acc = 1.0000, test acc = 0.3912
[2023-10-30 20:26:33] Evaluate_15: epoch = 0300 train time = 1 s train loss = 0.009092 train acc = 1.0000, test acc = 0.4001
[2023-10-30 20:26:36] Evaluate_16: epoch = 0300 train time = 1 s train loss = 0.008845 train acc = 1.0000, test acc = 0.4038
[2023-10-30 20:26:38] Evaluate_17: epoch = 0300 train time = 1 s train loss = 0.008728 train acc = 1.0000, test acc = 0.4052
[2023-10-30 20:26:42] Evaluate_18: epoch = 0300 train time = 1 s train loss = 0.008285 train acc = 1.0000, test acc = 0.4042
[2023-10-30 20:26:45] Evaluate_19: epoch = 0300 train time = 1 s train loss = 0.008596 train acc = 1.0000, test acc = 0.4169
Evaluate 20 random ConvNet, mean = 0.4045 std = 0.0071
-------------------------
[2023-10-30 20:26:49] iter = 0500, loss = nan
[2023-10-30 20:27:36] iter = 0510, loss = inf
[2023-10-30 20:28:21] iter = 0520, loss = nan
[2023-10-30 20:29:07] iter = 0530, loss = inf
[2023-10-30 20:29:53] iter = 0540, loss = nan
[2023-10-30 20:30:39] iter = 0550, loss = inf
[2023-10-30 20:31:25] iter = 0560, loss = inf
[2023-10-30 20:32:11] iter = 0570, loss = nan
[2023-10-30 20:32:57] iter = 0580, loss = inf
[2023-10-30 20:33:43] iter = 0590, loss = nan
[2023-10-30 20:34:30] iter = 0600, loss = nan
[2023-10-30 20:35:15] iter = 0610, loss = inf
[2023-10-30 20:36:01] iter = 0620, loss = inf
[2023-10-30 20:36:47] iter = 0630, loss = nan
[2023-10-30 20:37:34] iter = 0640, loss = inf
[2023-10-30 20:38:20] iter = 0650, loss = inf
[2023-10-30 20:39:06] iter = 0660, loss = nan
[2023-10-30 20:39:52] iter = 0670, loss = nan
[2023-10-30 20:40:39] iter = 0680, loss = nan
[2023-10-30 20:41:25] iter = 0690, loss = nan
[2023-10-30 20:42:11] iter = 0700, loss = nan
[2023-10-30 20:42:57] iter = 0710, loss = inf
[2023-10-30 20:43:43] iter = 0720, loss = inf
[2023-10-30 20:44:30] iter = 0730, loss = inf
[2023-10-30 20:45:16] iter = 0740, loss = inf
[2023-10-30 20:46:01] iter = 0750, loss = inf
[2023-10-30 20:46:47] iter = 0760, loss = inf
[2023-10-30 20:47:34] iter = 0770, loss = nan
[2023-10-30 20:48:20] iter = 0780, loss = nan
[2023-10-30 20:49:06] iter = 0790, loss = nan
[2023-10-30 20:49:52] iter = 0800, loss = nan
[2023-10-30 20:50:38] iter = 0810, loss = inf
[2023-10-30 20:51:24] iter = 0820, loss = nan
[2023-10-30 20:52:10] iter = 0830, loss = inf
[2023-10-30 20:52:56] iter = 0840, loss = nan
[2023-10-30 20:53:42] iter = 0850, loss = inf
[2023-10-30 20:54:28] iter = 0860, loss = nan
[2023-10-30 20:55:14] iter = 0870, loss = inf
[2023-10-30 20:56:00] iter = 0880, loss = inf
[2023-10-30 20:56:46] iter = 0890, loss = nan
[2023-10-30 20:57:33] iter = 0900, loss = inf
[2023-10-30 20:58:18] iter = 0910, loss = inf
[2023-10-30 20:59:05] iter = 0920, loss = inf
[2023-10-30 20:59:51] iter = 0930, loss = inf
[2023-10-30 21:00:37] iter = 0940, loss = nan
[2023-10-30 21:01:23] iter = 0950, loss = nan
[2023-10-30 21:02:09] iter = 0960, loss = inf
[2023-10-30 21:02:55] iter = 0970, loss = inf
[2023-10-30 21:03:42] iter = 0980, loss = inf
[2023-10-30 21:04:28] iter = 0990, loss = nan
-------------------------
Evaluation
model_train = ConvNet, model_eval = ConvNet, iteration = 1000
DC augmentation parameters: 
 {'crop': 4, 'scale': 0.2, 'rotate': 45, 'noise': 0.001, 'strategy': 'none'}
[2023-10-30 21:05:13] Evaluate_00: epoch = 0300 train time = 1 s train loss = 0.008426 train acc = 1.0000, test acc = 0.4165
[2023-10-30 21:05:16] Evaluate_01: epoch = 0300 train time = 1 s train loss = 0.008856 train acc = 1.0000, test acc = 0.4213
[2023-10-30 21:05:19] Evaluate_02: epoch = 0300 train time = 1 s train loss = 0.008362 train acc = 1.0000, test acc = 0.4253
[2023-10-30 21:05:22] Evaluate_03: epoch = 0300 train time = 1 s train loss = 0.008715 train acc = 1.0000, test acc = 0.4248
[2023-10-30 21:05:25] Evaluate_04: epoch = 0300 train time = 1 s train loss = 0.009114 train acc = 1.0000, test acc = 0.4221
[2023-10-30 21:05:28] Evaluate_05: epoch = 0300 train time = 1 s train loss = 0.008436 train acc = 1.0000, test acc = 0.4208
[2023-10-30 21:05:31] Evaluate_06: epoch = 0300 train time = 1 s train loss = 0.008601 train acc = 1.0000, test acc = 0.4290
[2023-10-30 21:05:35] Evaluate_07: epoch = 0300 train time = 1 s train loss = 0.009241 train acc = 1.0000, test acc = 0.4199
[2023-10-30 21:05:38] Evaluate_08: epoch = 0300 train time = 1 s train loss = 0.008707 train acc = 1.0000, test acc = 0.4163
[2023-10-30 21:05:41] Evaluate_09: epoch = 0300 train time = 1 s train loss = 0.008729 train acc = 1.0000, test acc = 0.4247
[2023-10-30 21:05:44] Evaluate_10: epoch = 0300 train time = 1 s train loss = 0.008842 train acc = 1.0000, test acc = 0.4234
[2023-10-30 21:05:47] Evaluate_11: epoch = 0300 train time = 1 s train loss = 0.008695 train acc = 1.0000, test acc = 0.4301
[2023-10-30 21:05:50] Evaluate_12: epoch = 0300 train time = 1 s train loss = 0.008667 train acc = 1.0000, test acc = 0.4273
[2023-10-30 21:05:53] Evaluate_13: epoch = 0300 train time = 1 s train loss = 0.008910 train acc = 1.0000, test acc = 0.4214
[2023-10-30 21:05:56] Evaluate_14: epoch = 0300 train time = 1 s train loss = 0.008664 train acc = 1.0000, test acc = 0.4170
[2023-10-30 21:06:00] Evaluate_15: epoch = 0300 train time = 1 s train loss = 0.008177 train acc = 1.0000, test acc = 0.4240
[2023-10-30 21:06:03] Evaluate_16: epoch = 0300 train time = 1 s train loss = 0.008636 train acc = 1.0000, test acc = 0.4234
[2023-10-30 21:06:06] Evaluate_17: epoch = 0300 train time = 1 s train loss = 0.008502 train acc = 1.0000, test acc = 0.4214
[2023-10-30 21:06:09] Evaluate_18: epoch = 0300 train time = 1 s train loss = 0.008642 train acc = 1.0000, test acc = 0.4178
[2023-10-30 21:06:12] Evaluate_19: epoch = 0300 train time = 1 s train loss = 0.008565 train acc = 1.0000, test acc = 0.4263
Evaluate 20 random ConvNet, mean = 0.4226 std = 0.0039
-------------------------
[2023-10-30 21:06:17] iter = 1000, loss = nan

==================== Final Results ====================

Run 1 experiments, train on ConvNet, evaluate 20 random ConvNet, mean  = 42.26%  std = 0.39%
