/data/happythgus/newLDA/DC
/data/opt/anaconda3/envs/pytorch1.12.1_p38/bin/python
moana-r3
main.py:95: DeprecationWarning: an integer is required (got type numpy.float64).  Implicit conversion to integers using __int__ is deprecated, and may be removed in a future version of Python.
  label_syn = torch.tensor([np.ones(args.ipc)*i for i in range(num_classes)], dtype=torch.long, requires_grad=False, device=args.device).view(-1) # [0,0,0, 1,1,1, ..., 9,9,9]
main.py:95: UserWarning: Creating a tensor from a list of numpy.ndarrays is extremely slow. Please consider converting the list to a single numpy.ndarray with numpy.array() before converting to a tensor. (Triggered internally at  /opt/conda/conda-bld/pytorch_1659484810403/work/torch/csrc/utils/tensor_new.cpp:201.)
  label_syn = torch.tensor([np.ones(args.ipc)*i for i in range(num_classes)], dtype=torch.long, requires_grad=False, device=args.device).view(-1) # [0,0,0, 1,1,1, ..., 9,9,9]
eval_it_pool:  [0, 500, 1000]
Files already downloaded and verified
Files already downloaded and verified

================== Exp 0 ==================
 
Hyper-parameters: 
 {'method': 'DC', 'dataset': 'CIFAR10', 'model': 'ConvNet', 'ipc': 10, 'eval_mode': 'S', 'num_exp': 1, 'num_eval': 20, 'epoch_eval_train': 300, 'Iteration': 1000, 'lr_img': 0.1, 'lr_net': 0.01, 'batch_real': 256, 'batch_train': 256, 'init': 'noise', 'dsa_strategy': 'None', 'data_path': 'data', 'save_path': 'result', 'dis_metric': 'ours', 'outer_loop': 10, 'inner_loop': 50, 'device': 'cuda', 'dsa_param': <utils.ParamDiffAug object at 0x7feb6ccb6cd0>, 'dsa': False}
Evaluation model pool:  ['ConvNet']
class c = 0: 5000 real images
class c = 1: 5000 real images
class c = 2: 5000 real images
class c = 3: 5000 real images
class c = 4: 5000 real images
class c = 5: 5000 real images
class c = 6: 5000 real images
class c = 7: 5000 real images
class c = 8: 5000 real images
class c = 9: 5000 real images
real images channel 0, mean = -0.0000, std = 1.2211
real images channel 1, mean = -0.0002, std = 1.2211
real images channel 2, mean = 0.0002, std = 1.3014
initialize synthetic data from random noise
[2023-10-28 00:12:20] training begins
-------------------------
Evaluation
model_train = ConvNet, model_eval = ConvNet, iteration = 0
DC augmentation parameters: 
 {'crop': 4, 'scale': 0.2, 'rotate': 45, 'noise': 0.001, 'strategy': 'none'}
[2023-10-28 00:12:28] Evaluate_00: epoch = 0300 train time = 5 s train loss = 0.003588 train acc = 1.0000, test acc = 0.0726
[2023-10-28 00:12:32] Evaluate_01: epoch = 0300 train time = 2 s train loss = 0.003706 train acc = 1.0000, test acc = 0.0730
[2023-10-28 00:12:37] Evaluate_02: epoch = 0300 train time = 2 s train loss = 0.003637 train acc = 1.0000, test acc = 0.0864
[2023-10-28 00:12:41] Evaluate_03: epoch = 0300 train time = 2 s train loss = 0.003654 train acc = 1.0000, test acc = 0.0897
[2023-10-28 00:12:46] Evaluate_04: epoch = 0300 train time = 2 s train loss = 0.003629 train acc = 1.0000, test acc = 0.0950
[2023-10-28 00:12:50] Evaluate_05: epoch = 0300 train time = 2 s train loss = 0.003543 train acc = 1.0000, test acc = 0.0848
[2023-10-28 00:12:55] Evaluate_06: epoch = 0300 train time = 2 s train loss = 0.003619 train acc = 1.0000, test acc = 0.0677
[2023-10-28 00:12:59] Evaluate_07: epoch = 0300 train time = 2 s train loss = 0.003723 train acc = 1.0000, test acc = 0.0714
[2023-10-28 00:13:04] Evaluate_08: epoch = 0300 train time = 2 s train loss = 0.003746 train acc = 1.0000, test acc = 0.0869
[2023-10-28 00:13:08] Evaluate_09: epoch = 0300 train time = 2 s train loss = 0.003636 train acc = 1.0000, test acc = 0.0872
[2023-10-28 00:13:12] Evaluate_10: epoch = 0300 train time = 2 s train loss = 0.003726 train acc = 1.0000, test acc = 0.0939
[2023-10-28 00:13:17] Evaluate_11: epoch = 0300 train time = 2 s train loss = 0.003622 train acc = 1.0000, test acc = 0.0882
[2023-10-28 00:13:21] Evaluate_12: epoch = 0300 train time = 2 s train loss = 0.003691 train acc = 1.0000, test acc = 0.0930
[2023-10-28 00:13:26] Evaluate_13: epoch = 0300 train time = 2 s train loss = 0.003660 train acc = 1.0000, test acc = 0.0790
[2023-10-28 00:13:30] Evaluate_14: epoch = 0300 train time = 2 s train loss = 0.003540 train acc = 1.0000, test acc = 0.0961
[2023-10-28 00:13:35] Evaluate_15: epoch = 0300 train time = 2 s train loss = 0.003612 train acc = 1.0000, test acc = 0.0951
[2023-10-28 00:13:39] Evaluate_16: epoch = 0300 train time = 2 s train loss = 0.003631 train acc = 1.0000, test acc = 0.0964
[2023-10-28 00:13:44] Evaluate_17: epoch = 0300 train time = 2 s train loss = 0.003687 train acc = 1.0000, test acc = 0.0757
[2023-10-28 00:13:48] Evaluate_18: epoch = 0300 train time = 2 s train loss = 0.003691 train acc = 1.0000, test acc = 0.0898
[2023-10-28 00:13:53] Evaluate_19: epoch = 0300 train time = 2 s train loss = 0.003606 train acc = 1.0000, test acc = 0.0795
Evaluate 20 random ConvNet, mean = 0.0851 std = 0.0089
-------------------------
Traceback (most recent call last):
  File "main.py", line 264, in <module>
    main()
  File "main.py", line 226, in main
    lda_loss = LDALoss(lda_X, lda_Y)
  File "/data/happythgus/newLDA/DC/utils.py", line 67, in LDALoss
    class_samples = torch.as_tensor(XList[c])
ValueError: only one element tensors can be converted to Python scalars
