/data/happythgus/newLDA/DC
/data/opt/anaconda3/envs/pytorch1.12.1_p38/bin/python
moana-r4
main.py:95: DeprecationWarning: an integer is required (got type numpy.float64).  Implicit conversion to integers using __int__ is deprecated, and may be removed in a future version of Python.
  label_syn = torch.tensor([np.ones(args.ipc)*i for i in range(num_classes)], dtype=torch.long, requires_grad=False, device=args.device).view(-1) # [0,0,0, 1,1,1, ..., 9,9,9]
main.py:95: UserWarning: Creating a tensor from a list of numpy.ndarrays is extremely slow. Please consider converting the list to a single numpy.ndarray with numpy.array() before converting to a tensor. (Triggered internally at  /opt/conda/conda-bld/pytorch_1659484810403/work/torch/csrc/utils/tensor_new.cpp:201.)
  label_syn = torch.tensor([np.ones(args.ipc)*i for i in range(num_classes)], dtype=torch.long, requires_grad=False, device=args.device).view(-1) # [0,0,0, 1,1,1, ..., 9,9,9]
eval_it_pool:  [0, 500, 1000]
Files already downloaded and verified
Files already downloaded and verified

================== Exp 0 ==================
 
Hyper-parameters: 
 {'method': 'DC', 'dataset': 'CIFAR10', 'model': 'ConvNet', 'ipc': 10, 'eval_mode': 'S', 'num_exp': 1, 'num_eval': 20, 'epoch_eval_train': 300, 'Iteration': 1000, 'lr_img': 0.1, 'lr_net': 0.01, 'batch_real': 256, 'batch_train': 256, 'init': 'noise', 'dsa_strategy': 'None', 'data_path': 'data', 'save_path': 'result', 'dis_metric': 'ours', 'outer_loop': 10, 'inner_loop': 50, 'device': 'cuda', 'dsa_param': <utils.ParamDiffAug object at 0x7f32782fdcd0>, 'dsa': False}
Evaluation model pool:  ['ConvNet']
class c = 0: 5000 real images
class c = 1: 5000 real images
class c = 2: 5000 real images
class c = 3: 5000 real images
class c = 4: 5000 real images
class c = 5: 5000 real images
class c = 6: 5000 real images
class c = 7: 5000 real images
class c = 8: 5000 real images
class c = 9: 5000 real images
real images channel 0, mean = -0.0000, std = 1.2211
real images channel 1, mean = -0.0002, std = 1.2211
real images channel 2, mean = 0.0002, std = 1.3014
initialize synthetic data from random noise
[2023-10-30 16:14:18] training begins
-------------------------
Evaluation
model_train = ConvNet, model_eval = ConvNet, iteration = 0
DC augmentation parameters: 
 {'crop': 4, 'scale': 0.2, 'rotate': 45, 'noise': 0.001, 'strategy': 'none'}
[2023-10-30 16:14:22] Evaluate_00: epoch = 0300 train time = 3 s train loss = 0.003656 train acc = 1.0000, test acc = 0.1022
[2023-10-30 16:14:25] Evaluate_01: epoch = 0300 train time = 1 s train loss = 0.003702 train acc = 1.0000, test acc = 0.0946
[2023-10-30 16:14:28] Evaluate_02: epoch = 0300 train time = 1 s train loss = 0.003682 train acc = 1.0000, test acc = 0.0913
[2023-10-30 16:14:31] Evaluate_03: epoch = 0300 train time = 1 s train loss = 0.003584 train acc = 1.0000, test acc = 0.0950
[2023-10-30 16:14:34] Evaluate_04: epoch = 0300 train time = 1 s train loss = 0.003588 train acc = 1.0000, test acc = 0.0919
[2023-10-30 16:14:37] Evaluate_05: epoch = 0300 train time = 1 s train loss = 0.003697 train acc = 1.0000, test acc = 0.0836
[2023-10-30 16:14:40] Evaluate_06: epoch = 0300 train time = 1 s train loss = 0.003723 train acc = 1.0000, test acc = 0.0907
[2023-10-30 16:14:43] Evaluate_07: epoch = 0300 train time = 1 s train loss = 0.003672 train acc = 1.0000, test acc = 0.0967
[2023-10-30 16:14:47] Evaluate_08: epoch = 0300 train time = 1 s train loss = 0.003654 train acc = 1.0000, test acc = 0.0868
[2023-10-30 16:14:50] Evaluate_09: epoch = 0300 train time = 1 s train loss = 0.003687 train acc = 1.0000, test acc = 0.0865
[2023-10-30 16:14:53] Evaluate_10: epoch = 0300 train time = 1 s train loss = 0.003750 train acc = 1.0000, test acc = 0.0982
[2023-10-30 16:14:56] Evaluate_11: epoch = 0300 train time = 1 s train loss = 0.003687 train acc = 1.0000, test acc = 0.0812
[2023-10-30 16:14:59] Evaluate_12: epoch = 0300 train time = 1 s train loss = 0.003713 train acc = 1.0000, test acc = 0.0985
[2023-10-30 16:15:02] Evaluate_13: epoch = 0300 train time = 1 s train loss = 0.003679 train acc = 1.0000, test acc = 0.0806
[2023-10-30 16:15:05] Evaluate_14: epoch = 0300 train time = 1 s train loss = 0.003622 train acc = 1.0000, test acc = 0.0860
[2023-10-30 16:15:08] Evaluate_15: epoch = 0300 train time = 1 s train loss = 0.003765 train acc = 1.0000, test acc = 0.0854
[2023-10-30 16:15:11] Evaluate_16: epoch = 0300 train time = 1 s train loss = 0.003627 train acc = 1.0000, test acc = 0.0937
[2023-10-30 16:15:14] Evaluate_17: epoch = 0300 train time = 1 s train loss = 0.003789 train acc = 1.0000, test acc = 0.0924
[2023-10-30 16:15:17] Evaluate_18: epoch = 0300 train time = 1 s train loss = 0.003722 train acc = 1.0000, test acc = 0.0898
[2023-10-30 16:15:20] Evaluate_19: epoch = 0300 train time = 1 s train loss = 0.003587 train acc = 1.0000, test acc = 0.0916
Evaluate 20 random ConvNet, mean = 0.0908 std = 0.0057
-------------------------
[2023-10-30 16:15:24] iter = 0000, loss = nan
[2023-10-30 16:16:10] iter = 0010, loss = nan
[2023-10-30 16:16:56] iter = 0020, loss = nan
[2023-10-30 16:17:41] iter = 0030, loss = nan
[2023-10-30 16:18:27] iter = 0040, loss = nan
[2023-10-30 16:19:13] iter = 0050, loss = nan
[2023-10-30 16:19:59] iter = 0060, loss = inf
[2023-10-30 16:20:45] iter = 0070, loss = inf
[2023-10-30 16:21:31] iter = 0080, loss = nan
[2023-10-30 16:22:17] iter = 0090, loss = nan
[2023-10-30 16:23:03] iter = 0100, loss = nan
[2023-10-30 16:23:49] iter = 0110, loss = nan
[2023-10-30 16:24:34] iter = 0120, loss = nan
[2023-10-30 16:25:20] iter = 0130, loss = nan
[2023-10-30 16:26:06] iter = 0140, loss = inf
[2023-10-30 16:26:52] iter = 0150, loss = inf
[2023-10-30 16:27:38] iter = 0160, loss = nan
[2023-10-30 16:28:24] iter = 0170, loss = nan
[2023-10-30 16:29:09] iter = 0180, loss = nan
[2023-10-30 16:29:55] iter = 0190, loss = nan
[2023-10-30 16:30:41] iter = 0200, loss = inf
[2023-10-30 16:31:27] iter = 0210, loss = inf
[2023-10-30 16:32:12] iter = 0220, loss = nan
[2023-10-30 16:32:57] iter = 0230, loss = nan
[2023-10-30 16:33:43] iter = 0240, loss = nan
[2023-10-30 16:34:29] iter = 0250, loss = nan
[2023-10-30 16:35:15] iter = 0260, loss = nan
[2023-10-30 16:36:01] iter = 0270, loss = nan
[2023-10-30 16:36:46] iter = 0280, loss = nan
[2023-10-30 16:37:32] iter = 0290, loss = nan
[2023-10-30 16:38:18] iter = 0300, loss = inf
[2023-10-30 16:39:04] iter = 0310, loss = nan
[2023-10-30 16:39:50] iter = 0320, loss = nan
[2023-10-30 16:40:36] iter = 0330, loss = nan
[2023-10-30 16:41:21] iter = 0340, loss = nan
[2023-10-30 16:42:07] iter = 0350, loss = inf
[2023-10-30 16:42:53] iter = 0360, loss = nan
[2023-10-30 16:43:39] iter = 0370, loss = nan
[2023-10-30 16:44:24] iter = 0380, loss = nan
[2023-10-30 16:45:10] iter = 0390, loss = nan
[2023-10-30 16:45:56] iter = 0400, loss = nan
[2023-10-30 16:46:42] iter = 0410, loss = nan
[2023-10-30 16:47:28] iter = 0420, loss = nan
[2023-10-30 16:48:15] iter = 0430, loss = nan
[2023-10-30 16:49:01] iter = 0440, loss = nan
[2023-10-30 16:49:48] iter = 0450, loss = inf
[2023-10-30 16:50:34] iter = 0460, loss = inf
[2023-10-30 16:51:21] iter = 0470, loss = nan
[2023-10-30 16:52:08] iter = 0480, loss = nan
[2023-10-30 16:52:54] iter = 0490, loss = nan
-------------------------
Evaluation
model_train = ConvNet, model_eval = ConvNet, iteration = 500
DC augmentation parameters: 
 {'crop': 4, 'scale': 0.2, 'rotate': 45, 'noise': 0.001, 'strategy': 'none'}
[2023-10-30 16:53:38] Evaluate_00: epoch = 0300 train time = 1 s train loss = 0.008319 train acc = 1.0000, test acc = 0.3999
[2023-10-30 16:53:41] Evaluate_01: epoch = 0300 train time = 1 s train loss = 0.008490 train acc = 1.0000, test acc = 0.3957
[2023-10-30 16:53:44] Evaluate_02: epoch = 0300 train time = 1 s train loss = 0.008209 train acc = 1.0000, test acc = 0.3927
[2023-10-30 16:53:47] Evaluate_03: epoch = 0300 train time = 1 s train loss = 0.008298 train acc = 1.0000, test acc = 0.4048
[2023-10-30 16:53:51] Evaluate_04: epoch = 0300 train time = 1 s train loss = 0.008496 train acc = 1.0000, test acc = 0.4097
[2023-10-30 16:53:54] Evaluate_05: epoch = 0300 train time = 1 s train loss = 0.008699 train acc = 1.0000, test acc = 0.4067
[2023-10-30 16:53:57] Evaluate_06: epoch = 0300 train time = 1 s train loss = 0.008361 train acc = 1.0000, test acc = 0.4079
[2023-10-30 16:54:00] Evaluate_07: epoch = 0300 train time = 1 s train loss = 0.008332 train acc = 1.0000, test acc = 0.4081
[2023-10-30 16:54:03] Evaluate_08: epoch = 0300 train time = 1 s train loss = 0.008957 train acc = 1.0000, test acc = 0.4090
[2023-10-30 16:54:06] Evaluate_09: epoch = 0300 train time = 1 s train loss = 0.008521 train acc = 1.0000, test acc = 0.3977
[2023-10-30 16:54:09] Evaluate_10: epoch = 0300 train time = 1 s train loss = 0.008344 train acc = 1.0000, test acc = 0.4022
[2023-10-30 16:54:12] Evaluate_11: epoch = 0300 train time = 1 s train loss = 0.008190 train acc = 1.0000, test acc = 0.4016
[2023-10-30 16:54:15] Evaluate_12: epoch = 0300 train time = 1 s train loss = 0.008754 train acc = 1.0000, test acc = 0.3987
[2023-10-30 16:54:19] Evaluate_13: epoch = 0300 train time = 1 s train loss = 0.008593 train acc = 1.0000, test acc = 0.4034
[2023-10-30 16:54:22] Evaluate_14: epoch = 0300 train time = 1 s train loss = 0.008674 train acc = 1.0000, test acc = 0.3942
[2023-10-30 16:54:25] Evaluate_15: epoch = 0300 train time = 1 s train loss = 0.008604 train acc = 1.0000, test acc = 0.4030
[2023-10-30 16:54:28] Evaluate_16: epoch = 0300 train time = 1 s train loss = 0.008877 train acc = 1.0000, test acc = 0.3892
[2023-10-30 16:54:31] Evaluate_17: epoch = 0300 train time = 1 s train loss = 0.008570 train acc = 1.0000, test acc = 0.3860
[2023-10-30 16:54:34] Evaluate_18: epoch = 0300 train time = 1 s train loss = 0.008415 train acc = 1.0000, test acc = 0.4090
[2023-10-30 16:54:37] Evaluate_19: epoch = 0300 train time = 1 s train loss = 0.008382 train acc = 1.0000, test acc = 0.3912
Evaluate 20 random ConvNet, mean = 0.4005 std = 0.0070
-------------------------
[2023-10-30 16:54:42] iter = 0500, loss = nan
[2023-10-30 16:55:28] iter = 0510, loss = nan
[2023-10-30 16:56:15] iter = 0520, loss = nan
[2023-10-30 16:57:00] iter = 0530, loss = nan
[2023-10-30 16:57:47] iter = 0540, loss = nan
[2023-10-30 16:58:34] iter = 0550, loss = nan
[2023-10-30 16:59:20] iter = 0560, loss = nan
[2023-10-30 17:00:06] iter = 0570, loss = nan
[2023-10-30 17:00:53] iter = 0580, loss = nan
[2023-10-30 17:01:39] iter = 0590, loss = nan
[2023-10-30 17:02:26] iter = 0600, loss = inf
[2023-10-30 17:03:12] iter = 0610, loss = nan
[2023-10-30 17:03:59] iter = 0620, loss = nan
[2023-10-30 17:04:45] iter = 0630, loss = inf
[2023-10-30 17:05:31] iter = 0640, loss = nan
[2023-10-30 17:06:18] iter = 0650, loss = inf
[2023-10-30 17:07:04] iter = 0660, loss = nan
[2023-10-30 17:07:51] iter = 0670, loss = nan
[2023-10-30 17:08:37] iter = 0680, loss = inf
[2023-10-30 17:09:23] iter = 0690, loss = nan
[2023-10-30 17:10:09] iter = 0700, loss = nan
[2023-10-30 17:10:56] iter = 0710, loss = nan
[2023-10-30 17:11:42] iter = 0720, loss = inf
[2023-10-30 17:12:29] iter = 0730, loss = nan
[2023-10-30 17:13:14] iter = 0740, loss = nan
[2023-10-30 17:14:01] iter = 0750, loss = inf
[2023-10-30 17:14:47] iter = 0760, loss = nan
[2023-10-30 17:15:33] iter = 0770, loss = nan
[2023-10-30 17:16:19] iter = 0780, loss = nan
[2023-10-30 17:17:06] iter = 0790, loss = nan
[2023-10-30 17:17:52] iter = 0800, loss = inf
[2023-10-30 17:18:39] iter = 0810, loss = inf
[2023-10-30 17:19:25] iter = 0820, loss = inf
[2023-10-30 17:20:12] iter = 0830, loss = nan
[2023-10-30 17:20:58] iter = 0840, loss = inf
[2023-10-30 17:21:44] iter = 0850, loss = nan
[2023-10-30 17:22:31] iter = 0860, loss = nan
[2023-10-30 17:23:17] iter = 0870, loss = inf
[2023-10-30 17:24:04] iter = 0880, loss = nan
[2023-10-30 17:24:50] iter = 0890, loss = nan
[2023-10-30 17:25:37] iter = 0900, loss = nan
[2023-10-30 17:26:23] iter = 0910, loss = nan
[2023-10-30 17:27:09] iter = 0920, loss = nan
[2023-10-30 17:27:56] iter = 0930, loss = nan
[2023-10-30 17:28:42] iter = 0940, loss = nan
[2023-10-30 17:29:29] iter = 0950, loss = nan
[2023-10-30 17:30:15] iter = 0960, loss = nan
[2023-10-30 17:31:02] iter = 0970, loss = nan
[2023-10-30 17:31:48] iter = 0980, loss = nan
[2023-10-30 17:32:34] iter = 0990, loss = nan
-------------------------
Evaluation
model_train = ConvNet, model_eval = ConvNet, iteration = 1000
DC augmentation parameters: 
 {'crop': 4, 'scale': 0.2, 'rotate': 45, 'noise': 0.001, 'strategy': 'none'}
[2023-10-30 17:33:18] Evaluate_00: epoch = 0300 train time = 1 s train loss = 0.008573 train acc = 1.0000, test acc = 0.4278
[2023-10-30 17:33:21] Evaluate_01: epoch = 0300 train time = 1 s train loss = 0.008180 train acc = 1.0000, test acc = 0.4161
[2023-10-30 17:33:24] Evaluate_02: epoch = 0300 train time = 1 s train loss = 0.008688 train acc = 1.0000, test acc = 0.4013
[2023-10-30 17:33:27] Evaluate_03: epoch = 0300 train time = 1 s train loss = 0.008451 train acc = 1.0000, test acc = 0.4096
[2023-10-30 17:33:31] Evaluate_04: epoch = 0300 train time = 1 s train loss = 0.008710 train acc = 1.0000, test acc = 0.4072
[2023-10-30 17:33:34] Evaluate_05: epoch = 0300 train time = 1 s train loss = 0.008834 train acc = 1.0000, test acc = 0.4035
[2023-10-30 17:33:37] Evaluate_06: epoch = 0300 train time = 1 s train loss = 0.008549 train acc = 1.0000, test acc = 0.4042
[2023-10-30 17:33:40] Evaluate_07: epoch = 0300 train time = 1 s train loss = 0.008599 train acc = 1.0000, test acc = 0.4080
[2023-10-30 17:33:43] Evaluate_08: epoch = 0300 train time = 1 s train loss = 0.008701 train acc = 1.0000, test acc = 0.3961
[2023-10-30 17:33:46] Evaluate_09: epoch = 0300 train time = 1 s train loss = 0.008746 train acc = 1.0000, test acc = 0.4118
[2023-10-30 17:33:49] Evaluate_10: epoch = 0300 train time = 1 s train loss = 0.008748 train acc = 1.0000, test acc = 0.4158
[2023-10-30 17:33:52] Evaluate_11: epoch = 0300 train time = 1 s train loss = 0.009177 train acc = 1.0000, test acc = 0.3999
[2023-10-30 17:33:56] Evaluate_12: epoch = 0300 train time = 1 s train loss = 0.008668 train acc = 1.0000, test acc = 0.4033
[2023-10-30 17:33:59] Evaluate_13: epoch = 0300 train time = 1 s train loss = 0.009059 train acc = 1.0000, test acc = 0.4058
[2023-10-30 17:34:02] Evaluate_14: epoch = 0300 train time = 1 s train loss = 0.008778 train acc = 1.0000, test acc = 0.4042
[2023-10-30 17:34:05] Evaluate_15: epoch = 0300 train time = 1 s train loss = 0.008669 train acc = 1.0000, test acc = 0.3937
[2023-10-30 17:34:08] Evaluate_16: epoch = 0300 train time = 1 s train loss = 0.008719 train acc = 1.0000, test acc = 0.3923
[2023-10-30 17:34:11] Evaluate_17: epoch = 0300 train time = 1 s train loss = 0.008625 train acc = 1.0000, test acc = 0.4126
[2023-10-30 17:34:14] Evaluate_18: epoch = 0300 train time = 1 s train loss = 0.008434 train acc = 1.0000, test acc = 0.3891
[2023-10-30 17:34:17] Evaluate_19: epoch = 0300 train time = 1 s train loss = 0.008805 train acc = 1.0000, test acc = 0.4129
Evaluate 20 random ConvNet, mean = 0.4058 std = 0.0090
-------------------------
[2023-10-30 17:34:21] iter = 1000, loss = nan

==================== Final Results ====================

Run 1 experiments, train on ConvNet, evaluate 20 random ConvNet, mean  = 40.58%  std = 0.90%
